<?xml version="1.0" encoding="UTF-8"?>
<coverage generated="1667696078167" clover="3.2.0">
  <project timestamp="1667696078167" name="All files">
    <metrics statements="220" coveredstatements="158" conditionals="269" coveredconditionals="154" methods="58" coveredmethods="37" elements="547" coveredelements="349" complexity="0" loc="220" ncloc="220" packages="15" files="36" classes="36"/>
    <package name="atoms.Button">
      <metrics statements="17" coveredstatements="13" conditionals="22" coveredconditionals="13" methods="2" coveredmethods="2"/>
      <file name="Button.tsx" path="/Users/handakinafuchea/Documents/projects/ui_shared/storybook/packages/react/src/atoms/Button/Button.tsx">
        <metrics statements="16" coveredstatements="12" conditionals="22" coveredconditionals="13" methods="2" coveredmethods="2"/>
        <line num="9" count="5" type="stmt"/>
        <line num="18" count="8" type="stmt"/>
        <line num="21" count="8" type="stmt"/>
        <line num="22" count="8" type="stmt"/>
        <line num="23" count="8" type="cond" truecount="1" falsecount="1"/>
        <line num="24" count="0" type="stmt"/>
        <line num="25" count="8" type="cond" truecount="2" falsecount="2"/>
        <line num="26" count="0" type="stmt"/>
        <line num="30" count="8" type="stmt"/>
        <line num="32" count="8" type="cond" truecount="1" falsecount="1"/>
        <line num="33" count="0" type="stmt"/>
        <line num="34" count="8" type="cond" truecount="2" falsecount="2"/>
        <line num="35" count="0" type="stmt"/>
        <line num="37" count="8" type="stmt"/>
        <line num="39" count="8" type="stmt"/>
        <line num="44" count="1" type="cond" truecount="1" falsecount="1"/>
      </file>
      <file name="ButtonConstants.ts" path="/Users/handakinafuchea/Documents/projects/ui_shared/storybook/packages/react/src/atoms/Button/ButtonConstants.ts">
        <metrics statements="1" coveredstatements="1" conditionals="0" coveredconditionals="0" methods="0" coveredmethods="0"/>
        <line num="1" count="5" type="stmt"/>
      </file>
      <file name="Type.ts" path="/Users/handakinafuchea/Documents/projects/ui_shared/storybook/packages/react/src/atoms/Button/Type.ts">
        <metrics statements="0" coveredstatements="0" conditionals="0" coveredconditionals="0" methods="0" coveredmethods="0"/>
      </file>
    </package>
    <package name="atoms.Color">
      <metrics statements="3" coveredstatements="3" conditionals="0" coveredconditionals="0" methods="1" coveredmethods="1"/>
      <file name="Color.tsx" path="/Users/handakinafuchea/Documents/projects/ui_shared/storybook/packages/react/src/atoms/Color/Color.tsx">
        <metrics statements="2" coveredstatements="2" conditionals="0" coveredconditionals="0" methods="1" coveredmethods="1"/>
        <line num="6" count="1" type="stmt"/>
        <line num="7" count="1" type="stmt"/>
      </file>
      <file name="ColorContants.ts" path="/Users/handakinafuchea/Documents/projects/ui_shared/storybook/packages/react/src/atoms/Color/ColorContants.ts">
        <metrics statements="1" coveredstatements="1" conditionals="0" coveredconditionals="0" methods="0" coveredmethods="0"/>
        <line num="1" count="1" type="stmt"/>
      </file>
      <file name="Type.ts" path="/Users/handakinafuchea/Documents/projects/ui_shared/storybook/packages/react/src/atoms/Color/Type.ts">
        <metrics statements="0" coveredstatements="0" conditionals="0" coveredconditionals="0" methods="0" coveredmethods="0"/>
      </file>
    </package>
    <package name="atoms.Field">
      <metrics statements="10" coveredstatements="10" conditionals="20" coveredconditionals="12" methods="3" coveredmethods="3"/>
      <file name="FieldConstants.ts" path="/Users/handakinafuchea/Documents/projects/ui_shared/storybook/packages/react/src/atoms/Field/FieldConstants.ts">
        <metrics statements="1" coveredstatements="1" conditionals="0" coveredconditionals="0" methods="0" coveredmethods="0"/>
        <line num="1" count="3" type="stmt"/>
      </file>
      <file name="TextField.tsx" path="/Users/handakinafuchea/Documents/projects/ui_shared/storybook/packages/react/src/atoms/Field/TextField.tsx">
        <metrics statements="9" coveredstatements="9" conditionals="20" coveredconditionals="12" methods="3" coveredmethods="3"/>
        <line num="7" count="3" type="stmt"/>
        <line num="16" count="7" type="stmt"/>
        <line num="17" count="7" type="stmt"/>
        <line num="18" count="7" type="stmt"/>
        <line num="19" count="7" type="stmt"/>
        <line num="20" count="7" type="stmt"/>
        <line num="21" count="7" type="stmt"/>
        <line num="23" count="7" type="stmt"/>
        <line num="44" count="10" type="cond" truecount="2" falsecount="0"/>
      </file>
      <file name="Type.ts" path="/Users/handakinafuchea/Documents/projects/ui_shared/storybook/packages/react/src/atoms/Field/Type.ts">
        <metrics statements="0" coveredstatements="0" conditionals="0" coveredconditionals="0" methods="0" coveredmethods="0"/>
      </file>
    </package>
    <package name="atoms.Graphics.Rate">
      <metrics statements="18" coveredstatements="18" conditionals="7" coveredconditionals="6" methods="7" coveredmethods="7"/>
      <file name="Rate.tsx" path="/Users/handakinafuchea/Documents/projects/ui_shared/storybook/packages/react/src/atoms/Graphics/Rate/Rate.tsx">
        <metrics statements="18" coveredstatements="18" conditionals="7" coveredconditionals="6" methods="7" coveredmethods="7"/>
        <line num="6" count="3" type="cond" truecount="1" falsecount="0"/>
        <line num="7" count="2" type="stmt"/>
        <line num="15" count="3" type="stmt"/>
        <line num="16" count="2" type="stmt"/>
        <line num="17" count="2" type="cond" truecount="1" falsecount="1"/>
        <line num="18" count="3" type="stmt"/>
        <line num="19" count="2" type="stmt"/>
        <line num="20" count="3" type="stmt"/>
        <line num="21" count="3" type="stmt"/>
        <line num="23" count="2" type="stmt"/>
        <line num="25" count="3" type="stmt"/>
        <line num="26" count="2" type="stmt"/>
        <line num="27" count="2" type="stmt"/>
        <line num="29" count="2" type="stmt"/>
        <line num="31" count="2" type="stmt"/>
        <line num="32" count="2" type="stmt"/>
        <line num="33" count="2" type="stmt"/>
        <line num="35" count="2" type="stmt"/>
      </file>
    </package>
    <package name="atoms.Icon">
      <metrics statements="5" coveredstatements="4" conditionals="4" coveredconditionals="4" methods="2" coveredmethods="1"/>
      <file name="Icon.tsx" path="/Users/handakinafuchea/Documents/projects/ui_shared/storybook/packages/react/src/atoms/Icon/Icon.tsx">
        <metrics statements="4" coveredstatements="3" conditionals="4" coveredconditionals="4" methods="2" coveredmethods="1"/>
        <line num="5" count="12" type="stmt"/>
        <line num="10" count="46" type="stmt"/>
        <line num="11" count="46" type="stmt"/>
        <line num="19" count="0" type="stmt"/>
      </file>
      <file name="IconConstants.ts" path="/Users/handakinafuchea/Documents/projects/ui_shared/storybook/packages/react/src/atoms/Icon/IconConstants.ts">
        <metrics statements="1" coveredstatements="1" conditionals="0" coveredconditionals="0" methods="0" coveredmethods="0"/>
        <line num="1" count="12" type="stmt"/>
      </file>
      <file name="Type.ts" path="/Users/handakinafuchea/Documents/projects/ui_shared/storybook/packages/react/src/atoms/Icon/Type.ts">
        <metrics statements="0" coveredstatements="0" conditionals="0" coveredconditionals="0" methods="0" coveredmethods="0"/>
      </file>
    </package>
    <package name="atoms.Image">
      <metrics statements="8" coveredstatements="7" conditionals="10" coveredconditionals="5" methods="2" coveredmethods="1"/>
      <file name="Image.tsx" path="/Users/handakinafuchea/Documents/projects/ui_shared/storybook/packages/react/src/atoms/Image/Image.tsx">
        <metrics statements="6" coveredstatements="5" conditionals="10" coveredconditionals="5" methods="2" coveredmethods="1"/>
        <line num="6" count="3" type="stmt"/>
        <line num="7" count="2" type="stmt"/>
        <line num="9" count="2" type="cond" truecount="2" falsecount="2"/>
        <line num="11" count="2" type="cond" truecount="2" falsecount="2"/>
        <line num="12" count="2" type="stmt"/>
        <line num="18" count="0" type="stmt"/>
      </file>
      <file name="ImageConstants.ts" path="/Users/handakinafuchea/Documents/projects/ui_shared/storybook/packages/react/src/atoms/Image/ImageConstants.ts">
        <metrics statements="2" coveredstatements="2" conditionals="0" coveredconditionals="0" methods="0" coveredmethods="0"/>
        <line num="1" count="3" type="stmt"/>
        <line num="2" count="3" type="stmt"/>
      </file>
    </package>
    <package name="atoms.NotificationIcon">
      <metrics statements="26" coveredstatements="18" conditionals="22" coveredconditionals="10" methods="8" coveredmethods="5"/>
      <file name="NotificationIcon.tsx" path="/Users/handakinafuchea/Documents/projects/ui_shared/storybook/packages/react/src/atoms/NotificationIcon/NotificationIcon.tsx">
        <metrics statements="26" coveredstatements="18" conditionals="22" coveredconditionals="10" methods="8" coveredmethods="5"/>
        <line num="11" count="2" type="stmt"/>
        <line num="19" count="4" type="stmt"/>
        <line num="20" count="4" type="stmt"/>
        <line num="21" count="4" type="stmt"/>
        <line num="23" count="4" type="stmt"/>
        <line num="30" count="0" type="stmt"/>
        <line num="70" count="2" type="stmt"/>
        <line num="71" count="4" type="stmt"/>
        <line num="72" count="4" type="cond" truecount="1" falsecount="1"/>
        <line num="73" count="0" type="stmt"/>
        <line num="74" count="4" type="cond" truecount="1" falsecount="1"/>
        <line num="75" count="0" type="stmt"/>
        <line num="76" count="4" type="cond" truecount="1" falsecount="1"/>
        <line num="77" count="0" type="stmt"/>
        <line num="79" count="4" type="stmt"/>
        <line num="81" count="4" type="stmt"/>
        <line num="84" count="2" type="stmt"/>
        <line num="85" count="4" type="stmt"/>
        <line num="87" count="0" type="cond" truecount="0" falsecount="4"/>
        <line num="88" count="0" type="stmt"/>
        <line num="91" count="4" type="stmt"/>
        <line num="92" count="4" type="stmt"/>
        <line num="93" count="4" type="stmt"/>
        <line num="97" count="2" type="stmt"/>
        <line num="98" count="0" type="stmt"/>
        <line num="99" count="0" type="stmt"/>
      </file>
      <file name="Type.ts" path="/Users/handakinafuchea/Documents/projects/ui_shared/storybook/packages/react/src/atoms/NotificationIcon/Type.ts">
        <metrics statements="0" coveredstatements="0" conditionals="0" coveredconditionals="0" methods="0" coveredmethods="0"/>
      </file>
    </package>
    <package name="atoms.Typography">
      <metrics statements="8" coveredstatements="7" conditionals="15" coveredconditionals="14" methods="2" coveredmethods="1"/>
      <file name="Type.ts" path="/Users/handakinafuchea/Documents/projects/ui_shared/storybook/packages/react/src/atoms/Typography/Type.ts">
        <metrics statements="0" coveredstatements="0" conditionals="0" coveredconditionals="0" methods="0" coveredmethods="0"/>
      </file>
      <file name="Typography.tsx" path="/Users/handakinafuchea/Documents/projects/ui_shared/storybook/packages/react/src/atoms/Typography/Typography.tsx">
        <metrics statements="6" coveredstatements="5" conditionals="15" coveredconditionals="14" methods="2" coveredmethods="1"/>
        <line num="10" count="10" type="stmt"/>
        <line num="20" count="69" type="stmt"/>
        <line num="21" count="69" type="stmt"/>
        <line num="26" count="69" type="stmt"/>
        <line num="27" count="0" type="stmt"/>
        <line num="29" count="69" type="stmt"/>
      </file>
      <file name="TypographyContants.ts" path="/Users/handakinafuchea/Documents/projects/ui_shared/storybook/packages/react/src/atoms/Typography/TypographyContants.ts">
        <metrics statements="2" coveredstatements="2" conditionals="0" coveredconditionals="0" methods="0" coveredmethods="0"/>
        <line num="1" count="10" type="stmt"/>
        <line num="2" count="10" type="stmt"/>
      </file>
    </package>
    <package name="molecules.Card.ProductCard">
      <metrics statements="42" coveredstatements="21" conditionals="59" coveredconditionals="30" methods="8" coveredmethods="2"/>
      <file name="ProductCard.tsx" path="/Users/handakinafuchea/Documents/projects/ui_shared/storybook/packages/react/src/molecules/Card/ProductCard/ProductCard.tsx">
        <metrics statements="41" coveredstatements="20" conditionals="59" coveredconditionals="30" methods="8" coveredmethods="2"/>
        <line num="23" count="2" type="stmt"/>
        <line num="34" count="1" type="stmt"/>
        <line num="35" count="1" type="stmt"/>
        <line num="36" count="1" type="stmt"/>
        <line num="37" count="1" type="stmt"/>
        <line num="38" count="1" type="stmt"/>
        <line num="39" count="1" type="stmt"/>
        <line num="102" count="2" type="stmt"/>
        <line num="111" count="5" type="cond" truecount="5" falsecount="0"/>
        <line num="112" count="1" type="stmt"/>
        <line num="113" count="4" type="cond" truecount="5" falsecount="0"/>
        <line num="114" count="1" type="stmt"/>
        <line num="115" count="3" type="cond" truecount="5" falsecount="0"/>
        <line num="116" count="1" type="stmt"/>
        <line num="122" count="2" type="cond" truecount="5" falsecount="0"/>
        <line num="123" count="1" type="stmt"/>
        <line num="129" count="1" type="cond" truecount="4" falsecount="1"/>
        <line num="130" count="1" type="stmt"/>
        <line num="135" count="0" type="stmt"/>
        <line num="138" count="2" type="stmt"/>
        <line num="139" count="0" type="stmt"/>
        <line num="140" count="0" type="cond" truecount="0" falsecount="5"/>
        <line num="141" count="0" type="stmt"/>
        <line num="142" count="0" type="stmt"/>
        <line num="143" count="0" type="stmt"/>
        <line num="150" count="0" type="cond" truecount="0" falsecount="5"/>
        <line num="151" count="0" type="stmt"/>
        <line num="153" count="0" type="stmt"/>
        <line num="154" count="0" type="stmt"/>
        <line num="158" count="0" type="cond" truecount="0" falsecount="2"/>
        <line num="161" count="2" type="stmt"/>
        <line num="162" count="0" type="stmt"/>
        <line num="163" count="0" type="cond" truecount="0" falsecount="5"/>
        <line num="164" count="0" type="stmt"/>
        <line num="165" count="0" type="stmt"/>
        <line num="166" count="0" type="stmt"/>
        <line num="173" count="0" type="cond" truecount="0" falsecount="5"/>
        <line num="174" count="0" type="stmt"/>
        <line num="176" count="0" type="stmt"/>
        <line num="177" count="0" type="stmt"/>
        <line num="181" count="0" type="cond" truecount="0" falsecount="2"/>
      </file>
      <file name="ProductConstants.ts" path="/Users/handakinafuchea/Documents/projects/ui_shared/storybook/packages/react/src/molecules/Card/ProductCard/ProductConstants.ts">
        <metrics statements="1" coveredstatements="1" conditionals="0" coveredconditionals="0" methods="0" coveredmethods="0"/>
        <line num="1" count="2" type="stmt"/>
      </file>
      <file name="Type.ts" path="/Users/handakinafuchea/Documents/projects/ui_shared/storybook/packages/react/src/molecules/Card/ProductCard/Type.ts">
        <metrics statements="0" coveredstatements="0" conditionals="0" coveredconditionals="0" methods="0" coveredmethods="0"/>
      </file>
    </package>
    <package name="molecules.Dropdown">
      <metrics statements="17" coveredstatements="12" conditionals="24" coveredconditionals="16" methods="7" coveredmethods="4"/>
      <file name="Dropdown.tsx" path="/Users/handakinafuchea/Documents/projects/ui_shared/storybook/packages/react/src/molecules/Dropdown/Dropdown.tsx">
        <metrics statements="16" coveredstatements="11" conditionals="24" coveredconditionals="16" methods="7" coveredmethods="4"/>
        <line num="11" count="2" type="stmt"/>
        <line num="18" count="4" type="stmt"/>
        <line num="19" count="4" type="stmt"/>
        <line num="20" count="4" type="stmt"/>
        <line num="22" count="4" type="stmt"/>
        <line num="27" count="0" type="stmt"/>
        <line num="59" count="2" type="stmt"/>
        <line num="60" count="4" type="stmt"/>
        <line num="62" count="0" type="cond" truecount="0" falsecount="4"/>
        <line num="63" count="0" type="stmt"/>
        <line num="66" count="4" type="stmt"/>
        <line num="67" count="4" type="stmt"/>
        <line num="68" count="4" type="stmt"/>
        <line num="72" count="2" type="stmt"/>
        <line num="73" count="0" type="stmt"/>
        <line num="74" count="0" type="stmt"/>
      </file>
      <file name="DropdownConstants.ts" path="/Users/handakinafuchea/Documents/projects/ui_shared/storybook/packages/react/src/molecules/Dropdown/DropdownConstants.ts">
        <metrics statements="1" coveredstatements="1" conditionals="0" coveredconditionals="0" methods="0" coveredmethods="0"/>
        <line num="1" count="2" type="stmt"/>
      </file>
    </package>
    <package name="molecules.InputButtonGroup">
      <metrics statements="3" coveredstatements="3" conditionals="8" coveredconditionals="6" methods="2" coveredmethods="1"/>
      <file name="InputButtonGroup.tsx" path="/Users/handakinafuchea/Documents/projects/ui_shared/storybook/packages/react/src/molecules/InputButtonGroup/InputButtonGroup.tsx">
        <metrics statements="3" coveredstatements="3" conditionals="8" coveredconditionals="6" methods="2" coveredmethods="1"/>
        <line num="9" count="2" type="stmt"/>
        <line num="15" count="4" type="stmt"/>
        <line num="16" count="4" type="stmt"/>
      </file>
    </package>
    <package name="molecules.Menu">
      <metrics statements="10" coveredstatements="6" conditionals="2" coveredconditionals="2" methods="3" coveredmethods="2"/>
      <file name="Menu.tsx" path="/Users/handakinafuchea/Documents/projects/ui_shared/storybook/packages/react/src/molecules/Menu/Menu.tsx">
        <metrics statements="9" coveredstatements="5" conditionals="2" coveredconditionals="2" methods="3" coveredmethods="2"/>
        <line num="8" count="5" type="stmt"/>
        <line num="9" count="0" type="stmt"/>
        <line num="10" count="0" type="stmt"/>
        <line num="11" count="0" type="stmt"/>
        <line num="13" count="0" type="stmt"/>
        <line num="15" count="5" type="stmt"/>
        <line num="16" count="14" type="stmt"/>
        <line num="19" count="14" type="stmt"/>
        <line num="22" count="36" type="stmt"/>
      </file>
      <file name="MenuConstants.ts" path="/Users/handakinafuchea/Documents/projects/ui_shared/storybook/packages/react/src/molecules/Menu/MenuConstants.ts">
        <metrics statements="1" coveredstatements="1" conditionals="0" coveredconditionals="0" methods="0" coveredmethods="0"/>
        <line num="1" count="5" type="stmt"/>
      </file>
      <file name="Type.ts" path="/Users/handakinafuchea/Documents/projects/ui_shared/storybook/packages/react/src/molecules/Menu/Type.ts">
        <metrics statements="0" coveredstatements="0" conditionals="0" coveredconditionals="0" methods="0" coveredmethods="0"/>
      </file>
    </package>
    <package name="molecules.MenuItem">
      <metrics statements="44" coveredstatements="27" conditionals="56" coveredconditionals="30" methods="9" coveredmethods="5"/>
      <file name="MenuItem.tsx" path="/Users/handakinafuchea/Documents/projects/ui_shared/storybook/packages/react/src/molecules/MenuItem/MenuItem.tsx">
        <metrics statements="42" coveredstatements="25" conditionals="56" coveredconditionals="30" methods="9" coveredmethods="5"/>
        <line num="16" count="5" type="stmt"/>
        <line num="25" count="39" type="stmt"/>
        <line num="26" count="39" type="stmt"/>
        <line num="27" count="39" type="stmt"/>
        <line num="28" count="39" type="cond" truecount="2" falsecount="0"/>
        <line num="34" count="39" type="stmt"/>
        <line num="38" count="0" type="stmt"/>
        <line num="79" count="5" type="stmt"/>
        <line num="84" count="39" type="cond" truecount="2" falsecount="2"/>
        <line num="85" count="0" type="stmt"/>
        <line num="87" count="39" type="cond" truecount="1" falsecount="1"/>
        <line num="88" count="39" type="cond" truecount="4" falsecount="0"/>
        <line num="89" count="3" type="cond" truecount="1" falsecount="1"/>
        <line num="90" count="3" type="cond" truecount="1" falsecount="1"/>
        <line num="91" count="0" type="cond" truecount="0" falsecount="2"/>
        <line num="92" count="0" type="stmt"/>
        <line num="96" count="0" type="stmt"/>
        <line num="101" count="3" type="cond" truecount="2" falsecount="0"/>
        <line num="102" count="2" type="cond" truecount="1" falsecount="1"/>
        <line num="103" count="0" type="stmt"/>
        <line num="105" count="2" type="stmt"/>
        <line num="114" count="1" type="cond" truecount="1" falsecount="1"/>
        <line num="115" count="0" type="stmt"/>
        <line num="117" count="1" type="stmt"/>
        <line num="120" count="36" type="stmt"/>
        <line num="123" count="0" type="cond" truecount="0" falsecount="2"/>
        <line num="124" count="0" type="cond" truecount="0" falsecount="2"/>
        <line num="125" count="0" type="stmt"/>
        <line num="127" count="0" type="stmt"/>
        <line num="130" count="0" type="stmt"/>
        <line num="133" count="5" type="stmt"/>
        <line num="134" count="0" type="stmt"/>
        <line num="136" count="5" type="stmt"/>
        <line num="137" count="39" type="stmt"/>
        <line num="139" count="0" type="cond" truecount="0" falsecount="4"/>
        <line num="140" count="0" type="stmt"/>
        <line num="143" count="39" type="stmt"/>
        <line num="144" count="39" type="stmt"/>
        <line num="145" count="39" type="stmt"/>
        <line num="149" count="5" type="stmt"/>
        <line num="150" count="0" type="stmt"/>
        <line num="151" count="0" type="stmt"/>
      </file>
      <file name="MenuItemConstants.ts" path="/Users/handakinafuchea/Documents/projects/ui_shared/storybook/packages/react/src/molecules/MenuItem/MenuItemConstants.ts">
        <metrics statements="2" coveredstatements="2" conditionals="0" coveredconditionals="0" methods="0" coveredmethods="0"/>
        <line num="1" count="5" type="stmt"/>
        <line num="2" count="5" type="stmt"/>
      </file>
      <file name="Type.ts" path="/Users/handakinafuchea/Documents/projects/ui_shared/storybook/packages/react/src/molecules/MenuItem/Type.ts">
        <metrics statements="0" coveredstatements="0" conditionals="0" coveredconditionals="0" methods="0" coveredmethods="0"/>
      </file>
    </package>
    <package name="organisms.Header">
      <metrics statements="7" coveredstatements="7" conditionals="20" coveredconditionals="6" methods="1" coveredmethods="1"/>
      <file name="Header.tsx" path="/Users/handakinafuchea/Documents/projects/ui_shared/storybook/packages/react/src/organisms/Header/Header.tsx">
        <metrics statements="3" coveredstatements="3" conditionals="20" coveredconditionals="6" methods="1" coveredmethods="1"/>
        <line num="25" count="1" type="stmt"/>
        <line num="26" count="1" type="stmt"/>
        <line num="27" count="1" type="stmt"/>
      </file>
      <file name="HeaderConstants.ts" path="/Users/handakinafuchea/Documents/projects/ui_shared/storybook/packages/react/src/organisms/Header/HeaderConstants.ts">
        <metrics statements="4" coveredstatements="4" conditionals="0" coveredconditionals="0" methods="0" coveredmethods="0"/>
        <line num="1" count="1" type="stmt"/>
        <line num="2" count="1" type="stmt"/>
        <line num="3" count="1" type="stmt"/>
        <line num="4" count="1" type="stmt"/>
      </file>
    </package>
    <package name="template.Container">
      <metrics statements="2" coveredstatements="2" conditionals="0" coveredconditionals="0" methods="1" coveredmethods="1"/>
      <file name="Container.tsx" path="/Users/handakinafuchea/Documents/projects/ui_shared/storybook/packages/react/src/template/Container/Container.tsx">
        <metrics statements="2" coveredstatements="2" conditionals="0" coveredconditionals="0" methods="1" coveredmethods="1"/>
        <line num="4" count="1" type="stmt"/>
        <line num="5" count="1" type="stmt"/>
      </file>
      <file name="Type.ts" path="/Users/handakinafuchea/Documents/projects/ui_shared/storybook/packages/react/src/template/Container/Type.ts">
        <metrics statements="0" coveredstatements="0" conditionals="0" coveredconditionals="0" methods="0" coveredmethods="0"/>
      </file>
    </package>
  </project>
</coverage>
