{"/Users/handakinafuchea/Documents/projects/ui_shared/storybook/packages/react/src/Organisms/Header/Header.tsx": {"path":"/Users/handakinafuchea/Documents/projects/ui_shared/storybook/packages/react/src/Organisms/Header/Header.tsx","statementMap":{"0":{"start":{"line":25,"column":15},"end":{"line":252,"column":1}},"1":{"start":{"line":26,"column":26},"end":{"line":26,"column":44}},"2":{"start":{"line":27,"column":2},"end":{"line":251,"column":4}}},"fnMap":{"0":{"name":"(anonymous_0)","decl":{"start":{"line":25,"column":15},"end":{"line":25,"column":16}},"loc":{"start":{"line":25,"column":64},"end":{"line":252,"column":1}},"line":25}},"branchMap":{"0":{"loc":{"start":{"line":99,"column":13},"end":{"line":103,"column":20}},"type":"cond-expr","locations":[{"start":{"line":100,"column":14},"end":{"line":102,"column":22}},{"start":{"line":103,"column":16},"end":{"line":103,"column":20}}],"line":99},"1":{"loc":{"start":{"line":100,"column":14},"end":{"line":102,"column":22}},"type":"cond-expr","locations":[{"start":{"line":101,"column":16},"end":{"line":101,"column":57}},{"start":{"line":102,"column":18},"end":{"line":102,"column":22}}],"line":100},"2":{"loc":{"start":{"line":142,"column":16},"end":{"line":146,"column":22}},"type":"cond-expr","locations":[{"start":{"line":143,"column":20},"end":{"line":145,"column":24}},{"start":{"line":146,"column":20},"end":{"line":146,"column":22}}],"line":142},"3":{"loc":{"start":{"line":143,"column":20},"end":{"line":145,"column":24}},"type":"cond-expr","locations":[{"start":{"line":144,"column":22},"end":{"line":144,"column":47}},{"start":{"line":145,"column":22},"end":{"line":145,"column":24}}],"line":143},"4":{"loc":{"start":{"line":149,"column":16},"end":{"line":153,"column":21}},"type":"cond-expr","locations":[{"start":{"line":150,"column":20},"end":{"line":152,"column":23}},{"start":{"line":153,"column":20},"end":{"line":153,"column":21}}],"line":149},"5":{"loc":{"start":{"line":150,"column":20},"end":{"line":152,"column":23}},"type":"cond-expr","locations":[{"start":{"line":151,"column":22},"end":{"line":151,"column":48}},{"start":{"line":152,"column":22},"end":{"line":152,"column":23}}],"line":150},"6":{"loc":{"start":{"line":159,"column":16},"end":{"line":163,"column":22}},"type":"cond-expr","locations":[{"start":{"line":160,"column":20},"end":{"line":162,"column":24}},{"start":{"line":163,"column":20},"end":{"line":163,"column":22}}],"line":159},"7":{"loc":{"start":{"line":160,"column":20},"end":{"line":162,"column":24}},"type":"cond-expr","locations":[{"start":{"line":161,"column":22},"end":{"line":161,"column":47}},{"start":{"line":162,"column":22},"end":{"line":162,"column":24}}],"line":160},"8":{"loc":{"start":{"line":166,"column":16},"end":{"line":170,"column":21}},"type":"cond-expr","locations":[{"start":{"line":167,"column":20},"end":{"line":169,"column":23}},{"start":{"line":170,"column":20},"end":{"line":170,"column":21}}],"line":166},"9":{"loc":{"start":{"line":167,"column":20},"end":{"line":169,"column":23}},"type":"cond-expr","locations":[{"start":{"line":168,"column":22},"end":{"line":168,"column":48}},{"start":{"line":169,"column":22},"end":{"line":169,"column":23}}],"line":167}},"s":{"0":1,"1":1,"2":1},"f":{"0":1},"b":{"0":[1,0],"1":[1,0],"2":[0,1],"3":[0,0],"4":[0,1],"5":[0,0],"6":[0,1],"7":[0,0],"8":[0,1],"9":[0,0]},"_coverageSchema":"1a1c01bbd47fc00a2c39e90264f33305004495a9","hash":"3e76d393bba4c9767d022d91afd1ff98fb39862b"}
,"/Users/handakinafuchea/Documents/projects/ui_shared/storybook/packages/react/src/Organisms/Header/HeaderConstants.ts": {"path":"/Users/handakinafuchea/Documents/projects/ui_shared/storybook/packages/react/src/Organisms/Header/HeaderConstants.ts","statementMap":{"0":{"start":{"line":1,"column":21},"end":{"line":1,"column":37}},"1":{"start":{"line":2,"column":24},"end":{"line":2,"column":44}},"2":{"start":{"line":3,"column":24},"end":{"line":3,"column":44}},"3":{"start":{"line":4,"column":25},"end":{"line":4,"column":48}}},"fnMap":{},"branchMap":{},"s":{"0":1,"1":1,"2":1,"3":1},"f":{},"b":{},"_coverageSchema":"1a1c01bbd47fc00a2c39e90264f33305004495a9","hash":"2fd2d5df77315c04bf1cdba9a3931bf7991e33eb"}
,"/Users/handakinafuchea/Documents/projects/ui_shared/storybook/packages/react/src/atoms/Button/Button.tsx": {"path":"/Users/handakinafuchea/Documents/projects/ui_shared/storybook/packages/react/src/atoms/Button/Button.tsx","statementMap":{"0":{"start":{"line":9,"column":15},"end":{"line":58,"column":1}},"1":{"start":{"line":18,"column":46},"end":{"line":18,"column":79}},"2":{"start":{"line":21,"column":18},"end":{"line":21,"column":51}},"3":{"start":{"line":22,"column":22},"end":{"line":22,"column":83}},"4":{"start":{"line":23,"column":2},"end":{"line":31,"column":3}},"5":{"start":{"line":24,"column":4},"end":{"line":24,"column":59}},"6":{"start":{"line":25,"column":9},"end":{"line":31,"column":3}},"7":{"start":{"line":26,"column":4},"end":{"line":28,"column":6}},"8":{"start":{"line":30,"column":4},"end":{"line":30,"column":34}},"9":{"start":{"line":32,"column":2},"end":{"line":38,"column":3}},"10":{"start":{"line":33,"column":4},"end":{"line":33,"column":62}},"11":{"start":{"line":34,"column":9},"end":{"line":38,"column":3}},"12":{"start":{"line":35,"column":4},"end":{"line":35,"column":78}},"13":{"start":{"line":37,"column":4},"end":{"line":37,"column":35}},"14":{"start":{"line":39,"column":2},"end":{"line":57,"column":4}},"15":{"start":{"line":44,"column":8},"end":{"line":44,"column":41}},"16":{"start":{"line":44,"column":26},"end":{"line":44,"column":41}}},"fnMap":{"0":{"name":"(anonymous_0)","decl":{"start":{"line":9,"column":15},"end":{"line":9,"column":16}},"loc":{"start":{"line":17,"column":18},"end":{"line":58,"column":1}},"line":17},"1":{"name":"(anonymous_1)","decl":{"start":{"line":43,"column":15},"end":{"line":43,"column":16}},"loc":{"start":{"line":43,"column":21},"end":{"line":45,"column":7}},"line":43}},"branchMap":{"0":{"loc":{"start":{"line":10,"column":2},"end":{"line":10,"column":18}},"type":"default-arg","locations":[{"start":{"line":10,"column":10},"end":{"line":10,"column":18}}],"line":10},"1":{"loc":{"start":{"line":12,"column":2},"end":{"line":12,"column":33}},"type":"default-arg","locations":[{"start":{"line":12,"column":12},"end":{"line":12,"column":33}}],"line":12},"2":{"loc":{"start":{"line":13,"column":2},"end":{"line":13,"column":25}},"type":"default-arg","locations":[{"start":{"line":13,"column":9},"end":{"line":13,"column":25}}],"line":13},"3":{"loc":{"start":{"line":14,"column":2},"end":{"line":14,"column":29}},"type":"default-arg","locations":[{"start":{"line":14,"column":11},"end":{"line":14,"column":29}}],"line":14},"4":{"loc":{"start":{"line":23,"column":2},"end":{"line":31,"column":3}},"type":"if","locations":[{"start":{"line":23,"column":2},"end":{"line":31,"column":3}},{"start":{"line":25,"column":9},"end":{"line":31,"column":3}}],"line":23},"5":{"loc":{"start":{"line":25,"column":9},"end":{"line":31,"column":3}},"type":"if","locations":[{"start":{"line":25,"column":9},"end":{"line":31,"column":3}},{"start":{"line":29,"column":9},"end":{"line":31,"column":3}}],"line":25},"6":{"loc":{"start":{"line":25,"column":13},"end":{"line":25,"column":53}},"type":"binary-expr","locations":[{"start":{"line":25,"column":13},"end":{"line":25,"column":41}},{"start":{"line":25,"column":45},"end":{"line":25,"column":53}}],"line":25},"7":{"loc":{"start":{"line":32,"column":2},"end":{"line":38,"column":3}},"type":"if","locations":[{"start":{"line":32,"column":2},"end":{"line":38,"column":3}},{"start":{"line":34,"column":9},"end":{"line":38,"column":3}}],"line":32},"8":{"loc":{"start":{"line":34,"column":9},"end":{"line":38,"column":3}},"type":"if","locations":[{"start":{"line":34,"column":9},"end":{"line":38,"column":3}},{"start":{"line":36,"column":9},"end":{"line":38,"column":3}}],"line":34},"9":{"loc":{"start":{"line":34,"column":13},"end":{"line":34,"column":56}},"type":"binary-expr","locations":[{"start":{"line":34,"column":13},"end":{"line":34,"column":43}},{"start":{"line":34,"column":47},"end":{"line":34,"column":56}}],"line":34},"10":{"loc":{"start":{"line":44,"column":8},"end":{"line":44,"column":41}},"type":"if","locations":[{"start":{"line":44,"column":8},"end":{"line":44,"column":41}},{"start":{},"end":{}}],"line":44},"11":{"loc":{"start":{"line":48,"column":7},"end":{"line":48,"column":71}},"type":"cond-expr","locations":[{"start":{"line":48,"column":27},"end":{"line":48,"column":64}},{"start":{"line":48,"column":67},"end":{"line":48,"column":71}}],"line":48},"12":{"loc":{"start":{"line":55,"column":7},"end":{"line":55,"column":73}},"type":"cond-expr","locations":[{"start":{"line":55,"column":28},"end":{"line":55,"column":66}},{"start":{"line":55,"column":69},"end":{"line":55,"column":73}}],"line":55}},"s":{"0":4,"1":8,"2":8,"3":8,"4":8,"5":0,"6":8,"7":0,"8":8,"9":8,"10":0,"11":8,"12":0,"13":8,"14":8,"15":1,"16":1},"f":{"0":8,"1":1},"b":{"0":[2],"1":[8],"2":[8],"3":[4],"4":[0,8],"5":[0,8],"6":[8,0],"7":[0,8],"8":[0,8],"9":[8,0],"10":[1,0],"11":[0,8],"12":[0,8]},"_coverageSchema":"1a1c01bbd47fc00a2c39e90264f33305004495a9","hash":"d6068dbb730ce7c99a3b3720361f667a8e552bc6"}
,"/Users/handakinafuchea/Documents/projects/ui_shared/storybook/packages/react/src/atoms/Button/ButtonConstants.ts": {"path":"/Users/handakinafuchea/Documents/projects/ui_shared/storybook/packages/react/src/atoms/Button/ButtonConstants.ts","statementMap":{"0":{"start":{"line":1,"column":29},"end":{"line":1,"column":45}}},"fnMap":{},"branchMap":{},"s":{"0":4},"f":{},"b":{},"_coverageSchema":"1a1c01bbd47fc00a2c39e90264f33305004495a9","hash":"044fa8c27eafe20d8e24badc949a3aa35793ed9d"}
,"/Users/handakinafuchea/Documents/projects/ui_shared/storybook/packages/react/src/atoms/Button/Type.ts": {"path":"/Users/handakinafuchea/Documents/projects/ui_shared/storybook/packages/react/src/atoms/Button/Type.ts","statementMap":{},"fnMap":{},"branchMap":{},"s":{},"f":{},"b":{},"_coverageSchema":"1a1c01bbd47fc00a2c39e90264f33305004495a9","hash":"166a8ed4551e3b32abd1c2eb32141cd098d0fe6c"}
,"/Users/handakinafuchea/Documents/projects/ui_shared/storybook/packages/react/src/atoms/Color/Color.tsx": {"path":"/Users/handakinafuchea/Documents/projects/ui_shared/storybook/packages/react/src/atoms/Color/Color.tsx","statementMap":{"0":{"start":{"line":6,"column":14},"end":{"line":13,"column":1}},"1":{"start":{"line":7,"column":2},"end":{"line":12,"column":4}}},"fnMap":{"0":{"name":"(anonymous_0)","decl":{"start":{"line":6,"column":14},"end":{"line":6,"column":15}},"loc":{"start":{"line":6,"column":48},"end":{"line":13,"column":1}},"line":6}},"branchMap":{},"s":{"0":1,"1":1},"f":{"0":1},"b":{},"_coverageSchema":"1a1c01bbd47fc00a2c39e90264f33305004495a9","hash":"b5986e8a43c28f42c3423064e572562a8a892601"}
,"/Users/handakinafuchea/Documents/projects/ui_shared/storybook/packages/react/src/atoms/Color/ColorContants.ts": {"path":"/Users/handakinafuchea/Documents/projects/ui_shared/storybook/packages/react/src/atoms/Color/ColorContants.ts","statementMap":{"0":{"start":{"line":1,"column":28},"end":{"line":1,"column":43}}},"fnMap":{},"branchMap":{},"s":{"0":1},"f":{},"b":{},"_coverageSchema":"1a1c01bbd47fc00a2c39e90264f33305004495a9","hash":"4c8852f8c12d17de86bb781714ddad47d59db34a"}
,"/Users/handakinafuchea/Documents/projects/ui_shared/storybook/packages/react/src/atoms/Color/Type.ts": {"path":"/Users/handakinafuchea/Documents/projects/ui_shared/storybook/packages/react/src/atoms/Color/Type.ts","statementMap":{},"fnMap":{},"branchMap":{},"s":{},"f":{},"b":{},"_coverageSchema":"1a1c01bbd47fc00a2c39e90264f33305004495a9","hash":"636a6e748cf53e7d67db17591c22ba28d4094ece"}
,"/Users/handakinafuchea/Documents/projects/ui_shared/storybook/packages/react/src/atoms/Field/FieldConstants.ts": {"path":"/Users/handakinafuchea/Documents/projects/ui_shared/storybook/packages/react/src/atoms/Field/FieldConstants.ts","statementMap":{"0":{"start":{"line":1,"column":32},"end":{"line":1,"column":51}}},"fnMap":{},"branchMap":{},"s":{"0":3},"f":{},"b":{},"_coverageSchema":"1a1c01bbd47fc00a2c39e90264f33305004495a9","hash":"2cfafc47050afcdd733d942be9702cc1472dba64"}
,"/Users/handakinafuchea/Documents/projects/ui_shared/storybook/packages/react/src/atoms/Field/TextField.tsx": {"path":"/Users/handakinafuchea/Documents/projects/ui_shared/storybook/packages/react/src/atoms/Field/TextField.tsx","statementMap":{"0":{"start":{"line":7,"column":18},"end":{"line":64,"column":1}},"1":{"start":{"line":16,"column":25},"end":{"line":16,"column":72}},"2":{"start":{"line":17,"column":25},"end":{"line":17,"column":30}},"3":{"start":{"line":18,"column":33},"end":{"line":18,"column":44}},"4":{"start":{"line":19,"column":36},"end":{"line":19,"column":69}},"5":{"start":{"line":20,"column":37},"end":{"line":20,"column":70}},"6":{"start":{"line":21,"column":18},"end":{"line":21,"column":25}},"7":{"start":{"line":23,"column":2},"end":{"line":63,"column":4}},"8":{"start":{"line":44,"column":44},"end":{"line":44,"column":63}}},"fnMap":{"0":{"name":"(anonymous_0)","decl":{"start":{"line":7,"column":18},"end":{"line":7,"column":19}},"loc":{"start":{"line":15,"column":20},"end":{"line":64,"column":1}},"line":15},"1":{"name":"(anonymous_1)","decl":{"start":{"line":44,"column":37},"end":{"line":44,"column":38}},"loc":{"start":{"line":44,"column":44},"end":{"line":44,"column":63}},"line":44},"2":{"name":"(anonymous_2)","decl":{"start":{"line":44,"column":66},"end":{"line":44,"column":67}},"loc":{"start":{"line":44,"column":72},"end":{"line":44,"column":74}},"line":44}},"branchMap":{"0":{"loc":{"start":{"line":8,"column":2},"end":{"line":8,"column":15}},"type":"default-arg","locations":[{"start":{"line":8,"column":9},"end":{"line":8,"column":15}}],"line":8},"1":{"loc":{"start":{"line":9,"column":2},"end":{"line":9,"column":33}},"type":"default-arg","locations":[{"start":{"line":9,"column":16},"end":{"line":9,"column":33}}],"line":9},"2":{"loc":{"start":{"line":11,"column":2},"end":{"line":11,"column":28}},"type":"default-arg","locations":[{"start":{"line":11,"column":9},"end":{"line":11,"column":28}}],"line":11},"3":{"loc":{"start":{"line":14,"column":2},"end":{"line":14,"column":31}},"type":"default-arg","locations":[{"start":{"line":14,"column":11},"end":{"line":14,"column":31}}],"line":14},"4":{"loc":{"start":{"line":25,"column":7},"end":{"line":37,"column":14}},"type":"cond-expr","locations":[{"start":{"line":26,"column":8},"end":{"line":36,"column":9}},{"start":{"line":37,"column":10},"end":{"line":37,"column":14}}],"line":25},"5":{"loc":{"start":{"line":26,"column":8},"end":{"line":36,"column":9}},"type":"cond-expr","locations":[{"start":{"line":27,"column":10},"end":{"line":30,"column":12}},{"start":{"line":32,"column":10},"end":{"line":35,"column":12}}],"line":26},"6":{"loc":{"start":{"line":29,"column":18},"end":{"line":29,"column":74}},"type":"cond-expr","locations":[{"start":{"line":29,"column":38},"end":{"line":29,"column":55}},{"start":{"line":29,"column":58},"end":{"line":29,"column":74}}],"line":29},"7":{"loc":{"start":{"line":42,"column":14},"end":{"line":42,"column":34}},"type":"cond-expr","locations":[{"start":{"line":42,"column":21},"end":{"line":42,"column":25}},{"start":{"line":42,"column":28},"end":{"line":42,"column":34}}],"line":42},"8":{"loc":{"start":{"line":44,"column":18},"end":{"line":44,"column":74}},"type":"cond-expr","locations":[{"start":{"line":44,"column":37},"end":{"line":44,"column":63}},{"start":{"line":44,"column":66},"end":{"line":44,"column":74}}],"line":44},"9":{"loc":{"start":{"line":49,"column":7},"end":{"line":61,"column":14}},"type":"cond-expr","locations":[{"start":{"line":50,"column":8},"end":{"line":60,"column":9}},{"start":{"line":61,"column":10},"end":{"line":61,"column":14}}],"line":49},"10":{"loc":{"start":{"line":50,"column":8},"end":{"line":60,"column":9}},"type":"cond-expr","locations":[{"start":{"line":51,"column":10},"end":{"line":54,"column":12}},{"start":{"line":56,"column":10},"end":{"line":59,"column":12}}],"line":50},"11":{"loc":{"start":{"line":53,"column":18},"end":{"line":53,"column":76}},"type":"cond-expr","locations":[{"start":{"line":53,"column":39},"end":{"line":53,"column":57}},{"start":{"line":53,"column":60},"end":{"line":53,"column":76}}],"line":53}},"s":{"0":3,"1":7,"2":7,"3":7,"4":7,"5":7,"6":7,"7":7,"8":10},"f":{"0":7,"1":10,"2":10},"b":{"0":[5],"1":[3],"2":[7],"3":[3],"4":[4,3],"5":[4,0],"6":[4,0],"7":[7,0],"8":[1,6],"9":[0,7],"10":[0,0],"11":[0,0]},"_coverageSchema":"1a1c01bbd47fc00a2c39e90264f33305004495a9","hash":"0bb9a0fb13409fb25a27bcfe2760508447816b6a"}
,"/Users/handakinafuchea/Documents/projects/ui_shared/storybook/packages/react/src/atoms/Field/Type.ts": {"path":"/Users/handakinafuchea/Documents/projects/ui_shared/storybook/packages/react/src/atoms/Field/Type.ts","statementMap":{},"fnMap":{},"branchMap":{},"s":{},"f":{},"b":{},"_coverageSchema":"1a1c01bbd47fc00a2c39e90264f33305004495a9","hash":"3d988754197415bdb788f835e29ccf3890c135db"}
,"/Users/handakinafuchea/Documents/projects/ui_shared/storybook/packages/react/src/atoms/Icon/Icon.tsx": {"path":"/Users/handakinafuchea/Documents/projects/ui_shared/storybook/packages/react/src/atoms/Icon/Icon.tsx","statementMap":{"0":{"start":{"line":5,"column":13},"end":{"line":24,"column":1}},"1":{"start":{"line":10,"column":24},"end":{"line":10,"column":49}},"2":{"start":{"line":11,"column":2},"end":{"line":23,"column":4}},"3":{"start":{"line":19,"column":14},"end":{"line":19,"column":33}}},"fnMap":{"0":{"name":"(anonymous_0)","decl":{"start":{"line":5,"column":13},"end":{"line":5,"column":14}},"loc":{"start":{"line":9,"column":16},"end":{"line":24,"column":1}},"line":9},"1":{"name":"(anonymous_1)","decl":{"start":{"line":18,"column":12},"end":{"line":18,"column":13}},"loc":{"start":{"line":18,"column":19},"end":{"line":20,"column":13}},"line":18}},"branchMap":{"0":{"loc":{"start":{"line":6,"column":2},"end":{"line":6,"column":43}},"type":"default-arg","locations":[{"start":{"line":6,"column":13},"end":{"line":6,"column":43}}],"line":6},"1":{"loc":{"start":{"line":7,"column":2},"end":{"line":7,"column":23}},"type":"default-arg","locations":[{"start":{"line":7,"column":9},"end":{"line":7,"column":23}}],"line":7},"2":{"loc":{"start":{"line":16,"column":8},"end":{"line":20,"column":13}},"type":"cond-expr","locations":[{"start":{"line":17,"column":12},"end":{"line":17,"column":24}},{"start":{"line":18,"column":12},"end":{"line":20,"column":13}}],"line":16}},"s":{"0":10,"1":41,"2":41,"3":0},"f":{"0":41,"1":0},"b":{"0":[1],"1":[1],"2":[4,37]},"_coverageSchema":"1a1c01bbd47fc00a2c39e90264f33305004495a9","hash":"c940774ed369827fe140155b1e0776c1d36b1a93"}
,"/Users/handakinafuchea/Documents/projects/ui_shared/storybook/packages/react/src/atoms/Icon/IconConstants.ts": {"path":"/Users/handakinafuchea/Documents/projects/ui_shared/storybook/packages/react/src/atoms/Icon/IconConstants.ts","statementMap":{"0":{"start":{"line":1,"column":19},"end":{"line":1,"column":33}}},"fnMap":{},"branchMap":{},"s":{"0":10},"f":{},"b":{},"_coverageSchema":"1a1c01bbd47fc00a2c39e90264f33305004495a9","hash":"abb386d4add5063ab2839312cd08a4deb4c91be0"}
,"/Users/handakinafuchea/Documents/projects/ui_shared/storybook/packages/react/src/atoms/Icon/Type.ts": {"path":"/Users/handakinafuchea/Documents/projects/ui_shared/storybook/packages/react/src/atoms/Icon/Type.ts","statementMap":{},"fnMap":{},"branchMap":{},"s":{},"f":{},"b":{},"_coverageSchema":"1a1c01bbd47fc00a2c39e90264f33305004495a9","hash":"dc5080b49aecda8abbc4ff7e3c2c78a50bcb14b2"}
,"/Users/handakinafuchea/Documents/projects/ui_shared/storybook/packages/react/src/atoms/Image/Image.tsx": {"path":"/Users/handakinafuchea/Documents/projects/ui_shared/storybook/packages/react/src/atoms/Image/Image.tsx","statementMap":{"0":{"start":{"line":6,"column":14},"end":{"line":25,"column":1}},"1":{"start":{"line":7,"column":30},"end":{"line":7,"column":45}},"2":{"start":{"line":9,"column":4},"end":{"line":9,"column":73}},"3":{"start":{"line":11,"column":4},"end":{"line":11,"column":74}},"4":{"start":{"line":12,"column":2},"end":{"line":24,"column":4}},"5":{"start":{"line":18,"column":22},"end":{"line":18,"column":37}}},"fnMap":{"0":{"name":"(anonymous_0)","decl":{"start":{"line":6,"column":14},"end":{"line":6,"column":15}},"loc":{"start":{"line":6,"column":63},"end":{"line":25,"column":1}},"line":6},"1":{"name":"(anonymous_1)","decl":{"start":{"line":18,"column":16},"end":{"line":18,"column":17}},"loc":{"start":{"line":18,"column":22},"end":{"line":18,"column":37}},"line":18}},"branchMap":{"0":{"loc":{"start":{"line":9,"column":19},"end":{"line":9,"column":49}},"type":"cond-expr","locations":[{"start":{"line":9,"column":28},"end":{"line":9,"column":37}},{"start":{"line":9,"column":40},"end":{"line":9,"column":49}}],"line":9},"1":{"loc":{"start":{"line":9,"column":54},"end":{"line":9,"column":72}},"type":"cond-expr","locations":[{"start":{"line":9,"column":62},"end":{"line":9,"column":67}},{"start":{"line":9,"column":70},"end":{"line":9,"column":72}}],"line":9},"2":{"loc":{"start":{"line":11,"column":19},"end":{"line":11,"column":50}},"type":"cond-expr","locations":[{"start":{"line":11,"column":28},"end":{"line":11,"column":37}},{"start":{"line":11,"column":40},"end":{"line":11,"column":50}}],"line":11},"3":{"loc":{"start":{"line":11,"column":55},"end":{"line":11,"column":73}},"type":"cond-expr","locations":[{"start":{"line":11,"column":63},"end":{"line":11,"column":68}},{"start":{"line":11,"column":71},"end":{"line":11,"column":73}}],"line":11},"4":{"loc":{"start":{"line":20,"column":7},"end":{"line":22,"column":14}},"type":"cond-expr","locations":[{"start":{"line":21,"column":8},"end":{"line":21,"column":71}},{"start":{"line":22,"column":10},"end":{"line":22,"column":14}}],"line":20}},"s":{"0":2,"1":2,"2":2,"3":2,"4":2,"5":0},"f":{"0":2,"1":0},"b":{"0":[0,2],"1":[0,2],"2":[0,2],"3":[0,2],"4":[2,0]},"_coverageSchema":"1a1c01bbd47fc00a2c39e90264f33305004495a9","hash":"1529ef3aed38fa4b8370af8f48d809f592081f07"}
,"/Users/handakinafuchea/Documents/projects/ui_shared/storybook/packages/react/src/atoms/Image/ImageConstants.ts": {"path":"/Users/handakinafuchea/Documents/projects/ui_shared/storybook/packages/react/src/atoms/Image/ImageConstants.ts","statementMap":{"0":{"start":{"line":1,"column":28},"end":{"line":1,"column":43}},"1":{"start":{"line":2,"column":32},"end":{"line":2,"column":33}}},"fnMap":{},"branchMap":{},"s":{"0":2,"1":2},"f":{},"b":{},"_coverageSchema":"1a1c01bbd47fc00a2c39e90264f33305004495a9","hash":"c7fff0ef1c3e44f75a061aa3341fd6755aba07aa"}
,"/Users/handakinafuchea/Documents/projects/ui_shared/storybook/packages/react/src/atoms/NotificationIcon/NotificationIcon.tsx": {"path":"/Users/handakinafuchea/Documents/projects/ui_shared/storybook/packages/react/src/atoms/NotificationIcon/NotificationIcon.tsx","statementMap":{"0":{"start":{"line":11,"column":25},"end":{"line":68,"column":1}},"1":{"start":{"line":19,"column":34},"end":{"line":19,"column":49}},"2":{"start":{"line":20,"column":18},"end":{"line":20,"column":30}},"3":{"start":{"line":21,"column":2},"end":{"line":21,"column":42}},"4":{"start":{"line":23,"column":2},"end":{"line":67,"column":4}},"5":{"start":{"line":30,"column":33},"end":{"line":30,"column":73}},"6":{"start":{"line":70,"column":24},"end":{"line":82,"column":1}},"7":{"start":{"line":71,"column":29},"end":{"line":71,"column":32}},"8":{"start":{"line":72,"column":2},"end":{"line":80,"column":3}},"9":{"start":{"line":73,"column":4},"end":{"line":73,"column":24}},"10":{"start":{"line":74,"column":9},"end":{"line":80,"column":3}},"11":{"start":{"line":75,"column":4},"end":{"line":75,"column":24}},"12":{"start":{"line":76,"column":9},"end":{"line":80,"column":3}},"13":{"start":{"line":77,"column":4},"end":{"line":77,"column":23}},"14":{"start":{"line":79,"column":4},"end":{"line":79,"column":34}},"15":{"start":{"line":81,"column":2},"end":{"line":81,"column":22}},"16":{"start":{"line":84,"column":26},"end":{"line":96,"column":1}},"17":{"start":{"line":85,"column":2},"end":{"line":95,"column":12}},"18":{"start":{"line":87,"column":6},"end":{"line":89,"column":7}},"19":{"start":{"line":88,"column":8},"end":{"line":88,"column":21}},"20":{"start":{"line":91,"column":4},"end":{"line":91,"column":63}},"21":{"start":{"line":92,"column":4},"end":{"line":94,"column":6}},"22":{"start":{"line":93,"column":6},"end":{"line":93,"column":68}},"23":{"start":{"line":97,"column":33},"end":{"line":100,"column":1}},"24":{"start":{"line":98,"column":2},"end":{"line":98,"column":21}},"25":{"start":{"line":99,"column":2},"end":{"line":99,"column":17}}},"fnMap":{"0":{"name":"(anonymous_0)","decl":{"start":{"line":11,"column":25},"end":{"line":11,"column":26}},"loc":{"start":{"line":18,"column":28},"end":{"line":68,"column":1}},"line":18},"1":{"name":"(anonymous_1)","decl":{"start":{"line":30,"column":26},"end":{"line":30,"column":27}},"loc":{"start":{"line":30,"column":33},"end":{"line":30,"column":73}},"line":30},"2":{"name":"(anonymous_2)","decl":{"start":{"line":70,"column":24},"end":{"line":70,"column":25}},"loc":{"start":{"line":70,"column":49},"end":{"line":82,"column":1}},"line":70},"3":{"name":"(anonymous_3)","decl":{"start":{"line":84,"column":26},"end":{"line":84,"column":27}},"loc":{"start":{"line":84,"column":57},"end":{"line":96,"column":1}},"line":84},"4":{"name":"(anonymous_4)","decl":{"start":{"line":85,"column":12},"end":{"line":85,"column":13}},"loc":{"start":{"line":85,"column":18},"end":{"line":95,"column":3}},"line":85},"5":{"name":"handleClickOutside","decl":{"start":{"line":86,"column":13},"end":{"line":86,"column":31}},"loc":{"start":{"line":86,"column":56},"end":{"line":90,"column":5}},"line":86},"6":{"name":"(anonymous_6)","decl":{"start":{"line":92,"column":11},"end":{"line":92,"column":12}},"loc":{"start":{"line":92,"column":17},"end":{"line":94,"column":5}},"line":92},"7":{"name":"(anonymous_7)","decl":{"start":{"line":97,"column":33},"end":{"line":97,"column":34}},"loc":{"start":{"line":97,"column":65},"end":{"line":100,"column":1}},"line":97}},"branchMap":{"0":{"loc":{"start":{"line":29,"column":18},"end":{"line":29,"column":54}},"type":"cond-expr","locations":[{"start":{"line":29,"column":29},"end":{"line":29,"column":37}},{"start":{"line":29,"column":40},"end":{"line":29,"column":54}}],"line":29},"1":{"loc":{"start":{"line":34,"column":14},"end":{"line":34,"column":69}},"type":"cond-expr","locations":[{"start":{"line":34,"column":27},"end":{"line":34,"column":37}},{"start":{"line":34,"column":40},"end":{"line":34,"column":69}}],"line":34},"2":{"loc":{"start":{"line":37,"column":10},"end":{"line":37,"column":65}},"type":"cond-expr","locations":[{"start":{"line":37,"column":23},"end":{"line":37,"column":33}},{"start":{"line":37,"column":36},"end":{"line":37,"column":65}}],"line":37},"3":{"loc":{"start":{"line":42,"column":23},"end":{"line":42,"column":74}},"type":"cond-expr","locations":[{"start":{"line":42,"column":37},"end":{"line":42,"column":48}},{"start":{"line":42,"column":51},"end":{"line":42,"column":74}}],"line":42},"4":{"loc":{"start":{"line":43,"column":20},"end":{"line":43,"column":62}},"type":"cond-expr","locations":[{"start":{"line":43,"column":31},"end":{"line":43,"column":39}},{"start":{"line":43,"column":42},"end":{"line":43,"column":62}}],"line":43},"5":{"loc":{"start":{"line":51,"column":10},"end":{"line":51,"column":33}},"type":"cond-expr","locations":[{"start":{"line":51,"column":21},"end":{"line":51,"column":25}},{"start":{"line":51,"column":28},"end":{"line":51,"column":33}}],"line":51},"6":{"loc":{"start":{"line":72,"column":2},"end":{"line":80,"column":3}},"type":"if","locations":[{"start":{"line":72,"column":2},"end":{"line":80,"column":3}},{"start":{"line":74,"column":9},"end":{"line":80,"column":3}}],"line":72},"7":{"loc":{"start":{"line":74,"column":9},"end":{"line":80,"column":3}},"type":"if","locations":[{"start":{"line":74,"column":9},"end":{"line":80,"column":3}},{"start":{"line":76,"column":9},"end":{"line":80,"column":3}}],"line":74},"8":{"loc":{"start":{"line":76,"column":9},"end":{"line":80,"column":3}},"type":"if","locations":[{"start":{"line":76,"column":9},"end":{"line":80,"column":3}},{"start":{"line":78,"column":9},"end":{"line":80,"column":3}}],"line":76},"9":{"loc":{"start":{"line":87,"column":6},"end":{"line":89,"column":7}},"type":"if","locations":[{"start":{"line":87,"column":6},"end":{"line":89,"column":7}},{"start":{},"end":{}}],"line":87},"10":{"loc":{"start":{"line":87,"column":10},"end":{"line":87,"column":60}},"type":"binary-expr","locations":[{"start":{"line":87,"column":10},"end":{"line":87,"column":21}},{"start":{"line":87,"column":25},"end":{"line":87,"column":60}}],"line":87}},"s":{"0":2,"1":4,"2":4,"3":4,"4":4,"5":0,"6":2,"7":4,"8":4,"9":0,"10":4,"11":0,"12":4,"13":0,"14":4,"15":4,"16":2,"17":4,"18":0,"19":0,"20":4,"21":4,"22":4,"23":2,"24":0,"25":0},"f":{"0":4,"1":0,"2":4,"3":4,"4":4,"5":0,"6":4,"7":0},"b":{"0":[0,4],"1":[0,4],"2":[0,4],"3":[0,4],"4":[2,2],"5":[0,4],"6":[0,4],"7":[0,4],"8":[0,4],"9":[0,0],"10":[0,0]},"_coverageSchema":"1a1c01bbd47fc00a2c39e90264f33305004495a9","hash":"48c86ee7a93f3b25fbd99c9ecdc0fe014c40995f"}
,"/Users/handakinafuchea/Documents/projects/ui_shared/storybook/packages/react/src/atoms/NotificationIcon/Type.ts": {"path":"/Users/handakinafuchea/Documents/projects/ui_shared/storybook/packages/react/src/atoms/NotificationIcon/Type.ts","statementMap":{},"fnMap":{},"branchMap":{},"s":{},"f":{},"b":{},"_coverageSchema":"1a1c01bbd47fc00a2c39e90264f33305004495a9","hash":"a926dba254b04f160020e93107ca84d8f896adde"}
,"/Users/handakinafuchea/Documents/projects/ui_shared/storybook/packages/react/src/atoms/Typography/Type.ts": {"path":"/Users/handakinafuchea/Documents/projects/ui_shared/storybook/packages/react/src/atoms/Typography/Type.ts","statementMap":{},"fnMap":{},"branchMap":{},"s":{},"f":{},"b":{},"_coverageSchema":"1a1c01bbd47fc00a2c39e90264f33305004495a9","hash":"59ab0312cc36f6cef00e6dda57b0def22c4fe38a"}
,"/Users/handakinafuchea/Documents/projects/ui_shared/storybook/packages/react/src/atoms/Typography/Typography.tsx": {"path":"/Users/handakinafuchea/Documents/projects/ui_shared/storybook/packages/react/src/atoms/Typography/Typography.tsx","statementMap":{"0":{"start":{"line":10,"column":19},"end":{"line":44,"column":1}},"1":{"start":{"line":20,"column":30},"end":{"line":20,"column":45}},"2":{"start":{"line":21,"column":24},"end":{"line":25,"column":4}},"3":{"start":{"line":26,"column":23},"end":{"line":28,"column":3}},"4":{"start":{"line":27,"column":4},"end":{"line":27,"column":23}},"5":{"start":{"line":29,"column":2},"end":{"line":43,"column":4}}},"fnMap":{"0":{"name":"(anonymous_0)","decl":{"start":{"line":10,"column":19},"end":{"line":10,"column":20}},"loc":{"start":{"line":19,"column":22},"end":{"line":44,"column":1}},"line":19},"1":{"name":"(anonymous_1)","decl":{"start":{"line":26,"column":23},"end":{"line":26,"column":24}},"loc":{"start":{"line":26,"column":62},"end":{"line":28,"column":3}},"line":26}},"branchMap":{"0":{"loc":{"start":{"line":12,"column":2},"end":{"line":12,"column":34}},"type":"default-arg","locations":[{"start":{"line":12,"column":12},"end":{"line":12,"column":34}}],"line":12},"1":{"loc":{"start":{"line":13,"column":2},"end":{"line":13,"column":34}},"type":"default-arg","locations":[{"start":{"line":13,"column":11},"end":{"line":13,"column":34}}],"line":13},"2":{"loc":{"start":{"line":14,"column":2},"end":{"line":14,"column":29}},"type":"default-arg","locations":[{"start":{"line":14,"column":9},"end":{"line":14,"column":29}}],"line":14},"3":{"loc":{"start":{"line":22,"column":4},"end":{"line":22,"column":37}},"type":"cond-expr","locations":[{"start":{"line":22,"column":17},"end":{"line":22,"column":32}},{"start":{"line":22,"column":35},"end":{"line":22,"column":37}}],"line":22},"4":{"loc":{"start":{"line":23,"column":7},"end":{"line":23,"column":63}},"type":"cond-expr","locations":[{"start":{"line":23,"column":15},"end":{"line":23,"column":58}},{"start":{"line":23,"column":61},"end":{"line":23,"column":63}}],"line":23},"5":{"loc":{"start":{"line":24,"column":4},"end":{"line":24,"column":32}},"type":"cond-expr","locations":[{"start":{"line":24,"column":17},"end":{"line":24,"column":27}},{"start":{"line":24,"column":30},"end":{"line":24,"column":32}}],"line":24},"6":{"loc":{"start":{"line":34,"column":8},"end":{"line":38,"column":24}},"type":"cond-expr","locations":[{"start":{"line":35,"column":12},"end":{"line":37,"column":26}},{"start":{"line":38,"column":12},"end":{"line":38,"column":24}}],"line":34},"7":{"loc":{"start":{"line":35,"column":12},"end":{"line":37,"column":26}},"type":"cond-expr","locations":[{"start":{"line":36,"column":14},"end":{"line":36,"column":34}},{"start":{"line":37,"column":14},"end":{"line":37,"column":26}}],"line":35},"8":{"loc":{"start":{"line":41,"column":7},"end":{"line":41,"column":32}},"type":"cond-expr","locations":[{"start":{"line":41,"column":14},"end":{"line":41,"column":18}},{"start":{"line":41,"column":21},"end":{"line":41,"column":32}}],"line":41}},"s":{"0":9,"1":68,"2":68,"3":68,"4":0,"5":68},"f":{"0":68,"1":0},"b":{"0":[5],"1":[55],"2":[17],"3":[39,29],"4":[1,67],"5":[5,63],"6":[1,67],"7":[1,0],"8":[66,2]},"_coverageSchema":"1a1c01bbd47fc00a2c39e90264f33305004495a9","hash":"51930612c2569ba30814b25eee70af2c78c66c85"}
,"/Users/handakinafuchea/Documents/projects/ui_shared/storybook/packages/react/src/atoms/Typography/TypographyContants.ts": {"path":"/Users/handakinafuchea/Documents/projects/ui_shared/storybook/packages/react/src/atoms/Typography/TypographyContants.ts","statementMap":{"0":{"start":{"line":1,"column":32},"end":{"line":1,"column":34}},"1":{"start":{"line":2,"column":33},"end":{"line":2,"column":53}}},"fnMap":{},"branchMap":{},"s":{"0":9,"1":9},"f":{},"b":{},"_coverageSchema":"1a1c01bbd47fc00a2c39e90264f33305004495a9","hash":"c32a3042cc985698cde4e2b1aa317d5d186bbace"}
,"/Users/handakinafuchea/Documents/projects/ui_shared/storybook/packages/react/src/molecules/Card/ProductCard/ProductCard.tsx": {"path":"/Users/handakinafuchea/Documents/projects/ui_shared/storybook/packages/react/src/molecules/Card/ProductCard/ProductCard.tsx","statementMap":{"0":{"start":{"line":19,"column":20},"end":{"line":81,"column":1}},"1":{"start":{"line":27,"column":2},"end":{"line":80,"column":4}},"2":{"start":{"line":93,"column":2},"end":{"line":108,"column":44}},"3":{"start":{"line":94,"column":4},"end":{"line":94,"column":35}},"4":{"start":{"line":95,"column":4},"end":{"line":95,"column":42}},"5":{"start":{"line":96,"column":9},"end":{"line":108,"column":44}},"6":{"start":{"line":97,"column":4},"end":{"line":97,"column":45}},"7":{"start":{"line":98,"column":9},"end":{"line":108,"column":44}},"8":{"start":{"line":99,"column":4},"end":{"line":104,"column":6}},"9":{"start":{"line":105,"column":9},"end":{"line":108,"column":44}},"10":{"start":{"line":106,"column":4},"end":{"line":106,"column":24}},"11":{"start":{"line":107,"column":9},"end":{"line":108,"column":44}},"12":{"start":{"line":108,"column":4},"end":{"line":108,"column":44}},"13":{"start":{"line":109,"column":2},"end":{"line":109,"column":15}}},"fnMap":{"0":{"name":"(anonymous_0)","decl":{"start":{"line":19,"column":20},"end":{"line":19,"column":21}},"loc":{"start":{"line":26,"column":19},"end":{"line":81,"column":1}},"line":26},"1":{"name":"getRowElement","decl":{"start":{"line":85,"column":9},"end":{"line":85,"column":22}},"loc":{"start":{"line":92,"column":19},"end":{"line":110,"column":1}},"line":92}},"branchMap":{"0":{"loc":{"start":{"line":32,"column":23},"end":{"line":32,"column":79}},"type":"cond-expr","locations":[{"start":{"line":32,"column":50},"end":{"line":32,"column":74}},{"start":{"line":32,"column":77},"end":{"line":32,"column":79}}],"line":32},"1":{"loc":{"start":{"line":93,"column":2},"end":{"line":108,"column":44}},"type":"if","locations":[{"start":{"line":93,"column":2},"end":{"line":108,"column":44}},{"start":{"line":96,"column":9},"end":{"line":108,"column":44}}],"line":93},"2":{"loc":{"start":{"line":93,"column":6},"end":{"line":93,"column":51}},"type":"binary-expr","locations":[{"start":{"line":93,"column":6},"end":{"line":93,"column":11}},{"start":{"line":93,"column":15},"end":{"line":93,"column":26}},{"start":{"line":93,"column":30},"end":{"line":93,"column":51}}],"line":93},"3":{"loc":{"start":{"line":96,"column":9},"end":{"line":108,"column":44}},"type":"if","locations":[{"start":{"line":96,"column":9},"end":{"line":108,"column":44}},{"start":{"line":98,"column":9},"end":{"line":108,"column":44}}],"line":96},"4":{"loc":{"start":{"line":96,"column":13},"end":{"line":96,"column":67}},"type":"binary-expr","locations":[{"start":{"line":96,"column":13},"end":{"line":96,"column":21}},{"start":{"line":96,"column":25},"end":{"line":96,"column":39}},{"start":{"line":96,"column":43},"end":{"line":96,"column":67}}],"line":96},"5":{"loc":{"start":{"line":98,"column":9},"end":{"line":108,"column":44}},"type":"if","locations":[{"start":{"line":98,"column":9},"end":{"line":108,"column":44}},{"start":{"line":105,"column":9},"end":{"line":108,"column":44}}],"line":98},"6":{"loc":{"start":{"line":98,"column":13},"end":{"line":98,"column":58}},"type":"binary-expr","locations":[{"start":{"line":98,"column":13},"end":{"line":98,"column":18}},{"start":{"line":98,"column":22},"end":{"line":98,"column":33}},{"start":{"line":98,"column":37},"end":{"line":98,"column":58}}],"line":98},"7":{"loc":{"start":{"line":102,"column":9},"end":{"line":102,"column":67}},"type":"cond-expr","locations":[{"start":{"line":102,"column":26},"end":{"line":102,"column":60}},{"start":{"line":102,"column":63},"end":{"line":102,"column":67}}],"line":102},"8":{"loc":{"start":{"line":105,"column":9},"end":{"line":108,"column":44}},"type":"if","locations":[{"start":{"line":105,"column":9},"end":{"line":108,"column":44}},{"start":{"line":107,"column":9},"end":{"line":108,"column":44}}],"line":105},"9":{"loc":{"start":{"line":105,"column":13},"end":{"line":105,"column":61}},"type":"binary-expr","locations":[{"start":{"line":105,"column":13},"end":{"line":105,"column":19}},{"start":{"line":105,"column":23},"end":{"line":105,"column":35}},{"start":{"line":105,"column":39},"end":{"line":105,"column":61}}],"line":105},"10":{"loc":{"start":{"line":107,"column":9},"end":{"line":108,"column":44}},"type":"if","locations":[{"start":{"line":107,"column":9},"end":{"line":108,"column":44}},{"start":{},"end":{}}],"line":107},"11":{"loc":{"start":{"line":107,"column":13},"end":{"line":107,"column":70}},"type":"binary-expr","locations":[{"start":{"line":107,"column":13},"end":{"line":107,"column":22}},{"start":{"line":107,"column":26},"end":{"line":107,"column":41}},{"start":{"line":107,"column":45},"end":{"line":107,"column":70}}],"line":107}},"s":{"0":1,"1":1,"2":5,"3":0,"4":0,"5":5,"6":1,"7":4,"8":1,"9":3,"10":1,"11":2,"12":1,"13":1},"f":{"0":1,"1":5},"b":{"0":[1,0],"1":[0,5],"2":[5,5,0],"3":[1,4],"4":[5,5,5],"5":[1,3],"6":[4,4,4],"7":[1,0],"8":[1,2],"9":[3,3,3],"10":[1,1],"11":[2,2,2]},"_coverageSchema":"1a1c01bbd47fc00a2c39e90264f33305004495a9","hash":"6a65193c1313e14b7dbce704a72184e4f978fd68"}
,"/Users/handakinafuchea/Documents/projects/ui_shared/storybook/packages/react/src/molecules/Card/ProductCard/ProductConstants.ts": {"path":"/Users/handakinafuchea/Documents/projects/ui_shared/storybook/packages/react/src/molecules/Card/ProductCard/ProductConstants.ts","statementMap":{"0":{"start":{"line":1,"column":26},"end":{"line":1,"column":48}}},"fnMap":{},"branchMap":{},"s":{"0":1},"f":{},"b":{},"_coverageSchema":"1a1c01bbd47fc00a2c39e90264f33305004495a9","hash":"2bfc4814eade9a1951b15fb242f57316738d3748"}
,"/Users/handakinafuchea/Documents/projects/ui_shared/storybook/packages/react/src/molecules/Card/ProductCard/Type.ts": {"path":"/Users/handakinafuchea/Documents/projects/ui_shared/storybook/packages/react/src/molecules/Card/ProductCard/Type.ts","statementMap":{},"fnMap":{},"branchMap":{},"s":{},"f":{},"b":{},"_coverageSchema":"1a1c01bbd47fc00a2c39e90264f33305004495a9","hash":"d59f9d738d082844b96223a146ffd2e2f0b01de2"}
,"/Users/handakinafuchea/Documents/projects/ui_shared/storybook/packages/react/src/molecules/Dropdown/Dropdown.tsx": {"path":"/Users/handakinafuchea/Documents/projects/ui_shared/storybook/packages/react/src/molecules/Dropdown/Dropdown.tsx","statementMap":{"0":{"start":{"line":11,"column":17},"end":{"line":57,"column":1}},"1":{"start":{"line":18,"column":34},"end":{"line":18,"column":49}},"2":{"start":{"line":19,"column":18},"end":{"line":19,"column":30}},"3":{"start":{"line":20,"column":2},"end":{"line":20,"column":42}},"4":{"start":{"line":22,"column":2},"end":{"line":56,"column":4}},"5":{"start":{"line":27,"column":24},"end":{"line":27,"column":60}},"6":{"start":{"line":59,"column":26},"end":{"line":71,"column":1}},"7":{"start":{"line":60,"column":2},"end":{"line":70,"column":12}},"8":{"start":{"line":62,"column":6},"end":{"line":64,"column":7}},"9":{"start":{"line":63,"column":8},"end":{"line":63,"column":21}},"10":{"start":{"line":66,"column":4},"end":{"line":66,"column":63}},"11":{"start":{"line":67,"column":4},"end":{"line":69,"column":6}},"12":{"start":{"line":68,"column":6},"end":{"line":68,"column":68}},"13":{"start":{"line":72,"column":29},"end":{"line":75,"column":1}},"14":{"start":{"line":73,"column":2},"end":{"line":73,"column":21}},"15":{"start":{"line":74,"column":2},"end":{"line":74,"column":17}}},"fnMap":{"0":{"name":"(anonymous_0)","decl":{"start":{"line":11,"column":17},"end":{"line":11,"column":18}},"loc":{"start":{"line":17,"column":20},"end":{"line":57,"column":1}},"line":17},"1":{"name":"(anonymous_1)","decl":{"start":{"line":27,"column":17},"end":{"line":27,"column":18}},"loc":{"start":{"line":27,"column":24},"end":{"line":27,"column":60}},"line":27},"2":{"name":"(anonymous_2)","decl":{"start":{"line":59,"column":26},"end":{"line":59,"column":27}},"loc":{"start":{"line":59,"column":57},"end":{"line":71,"column":1}},"line":59},"3":{"name":"(anonymous_3)","decl":{"start":{"line":60,"column":12},"end":{"line":60,"column":13}},"loc":{"start":{"line":60,"column":18},"end":{"line":70,"column":3}},"line":60},"4":{"name":"handleClickOutside","decl":{"start":{"line":61,"column":13},"end":{"line":61,"column":31}},"loc":{"start":{"line":61,"column":56},"end":{"line":65,"column":5}},"line":61},"5":{"name":"(anonymous_5)","decl":{"start":{"line":67,"column":11},"end":{"line":67,"column":12}},"loc":{"start":{"line":67,"column":17},"end":{"line":69,"column":5}},"line":67},"6":{"name":"(anonymous_6)","decl":{"start":{"line":72,"column":29},"end":{"line":72,"column":30}},"loc":{"start":{"line":72,"column":61},"end":{"line":75,"column":1}},"line":72}},"branchMap":{"0":{"loc":{"start":{"line":29,"column":9},"end":{"line":37,"column":16}},"type":"cond-expr","locations":[{"start":{"line":30,"column":10},"end":{"line":36,"column":12}},{"start":{"line":37,"column":12},"end":{"line":37,"column":16}}],"line":29},"1":{"loc":{"start":{"line":31,"column":25},"end":{"line":31,"column":60}},"type":"cond-expr","locations":[{"start":{"line":31,"column":36},"end":{"line":31,"column":46}},{"start":{"line":31,"column":49},"end":{"line":31,"column":60}}],"line":31},"2":{"loc":{"start":{"line":32,"column":14},"end":{"line":32,"column":65}},"type":"cond-expr","locations":[{"start":{"line":32,"column":23},"end":{"line":32,"column":59}},{"start":{"line":32,"column":63},"end":{"line":32,"column":65}}],"line":32},"3":{"loc":{"start":{"line":32,"column":23},"end":{"line":32,"column":59}},"type":"cond-expr","locations":[{"start":{"line":32,"column":40},"end":{"line":32,"column":54}},{"start":{"line":32,"column":57},"end":{"line":32,"column":59}}],"line":32},"4":{"loc":{"start":{"line":35,"column":18},"end":{"line":35,"column":58}},"type":"cond-expr","locations":[{"start":{"line":35,"column":31},"end":{"line":35,"column":41}},{"start":{"line":35,"column":44},"end":{"line":35,"column":58}}],"line":35},"5":{"loc":{"start":{"line":40,"column":11},"end":{"line":40,"column":57}},"type":"cond-expr","locations":[{"start":{"line":40,"column":22},"end":{"line":40,"column":50}},{"start":{"line":40,"column":53},"end":{"line":40,"column":57}}],"line":40},"6":{"loc":{"start":{"line":41,"column":11},"end":{"line":41,"column":59}},"type":"cond-expr","locations":[{"start":{"line":41,"column":23},"end":{"line":41,"column":52}},{"start":{"line":41,"column":55},"end":{"line":41,"column":59}}],"line":41},"7":{"loc":{"start":{"line":46,"column":10},"end":{"line":46,"column":47}},"type":"cond-expr","locations":[{"start":{"line":46,"column":25},"end":{"line":46,"column":37}},{"start":{"line":46,"column":40},"end":{"line":46,"column":47}}],"line":46},"8":{"loc":{"start":{"line":48,"column":10},"end":{"line":48,"column":33}},"type":"cond-expr","locations":[{"start":{"line":48,"column":21},"end":{"line":48,"column":25}},{"start":{"line":48,"column":28},"end":{"line":48,"column":33}}],"line":48},"9":{"loc":{"start":{"line":51,"column":9},"end":{"line":53,"column":16}},"type":"cond-expr","locations":[{"start":{"line":52,"column":10},"end":{"line":52,"column":80}},{"start":{"line":53,"column":12},"end":{"line":53,"column":16}}],"line":51},"10":{"loc":{"start":{"line":62,"column":6},"end":{"line":64,"column":7}},"type":"if","locations":[{"start":{"line":62,"column":6},"end":{"line":64,"column":7}},{"start":{},"end":{}}],"line":62},"11":{"loc":{"start":{"line":62,"column":10},"end":{"line":62,"column":60}},"type":"binary-expr","locations":[{"start":{"line":62,"column":10},"end":{"line":62,"column":21}},{"start":{"line":62,"column":25},"end":{"line":62,"column":60}}],"line":62}},"s":{"0":2,"1":4,"2":4,"3":4,"4":4,"5":0,"6":2,"7":4,"8":0,"9":0,"10":4,"11":4,"12":4,"13":2,"14":0,"15":0},"f":{"0":4,"1":0,"2":4,"3":4,"4":0,"5":4,"6":0},"b":{"0":[2,2],"1":[0,2],"2":[2,0],"3":[2,0],"4":[1,1],"5":[3,1],"6":[3,1],"7":[1,3],"8":[0,4],"9":[3,1],"10":[0,0],"11":[0,0]},"_coverageSchema":"1a1c01bbd47fc00a2c39e90264f33305004495a9","hash":"f1263c2cdf478146605d1f566f9662ff7094ad55"}
,"/Users/handakinafuchea/Documents/projects/ui_shared/storybook/packages/react/src/molecules/Dropdown/DropdownConstants.ts": {"path":"/Users/handakinafuchea/Documents/projects/ui_shared/storybook/packages/react/src/molecules/Dropdown/DropdownConstants.ts","statementMap":{"0":{"start":{"line":1,"column":23},"end":{"line":1,"column":41}}},"fnMap":{},"branchMap":{},"s":{"0":2},"f":{},"b":{},"_coverageSchema":"1a1c01bbd47fc00a2c39e90264f33305004495a9","hash":"428e3b1fa2443f35a7dcb5db170008029e506129"}
,"/Users/handakinafuchea/Documents/projects/ui_shared/storybook/packages/react/src/molecules/InputButtonGroup/InputButtonGroup.tsx": {"path":"/Users/handakinafuchea/Documents/projects/ui_shared/storybook/packages/react/src/molecules/InputButtonGroup/InputButtonGroup.tsx","statementMap":{"0":{"start":{"line":9,"column":25},"end":{"line":33,"column":1}},"1":{"start":{"line":15,"column":26},"end":{"line":15,"column":32}},"2":{"start":{"line":16,"column":2},"end":{"line":32,"column":4}}},"fnMap":{"0":{"name":"(anonymous_0)","decl":{"start":{"line":9,"column":25},"end":{"line":9,"column":26}},"loc":{"start":{"line":14,"column":28},"end":{"line":33,"column":1}},"line":14},"1":{"name":"(anonymous_1)","decl":{"start":{"line":22,"column":24},"end":{"line":22,"column":25}},"loc":{"start":{"line":22,"column":30},"end":{"line":22,"column":32}},"line":22}},"branchMap":{"0":{"loc":{"start":{"line":19,"column":21},"end":{"line":19,"column":79}},"type":"cond-expr","locations":[{"start":{"line":19,"column":46},"end":{"line":19,"column":68}},{"start":{"line":19,"column":71},"end":{"line":19,"column":79}}],"line":19},"1":{"loc":{"start":{"line":20,"column":16},"end":{"line":20,"column":66}},"type":"cond-expr","locations":[{"start":{"line":20,"column":31},"end":{"line":20,"column":43}},{"start":{"line":20,"column":46},"end":{"line":20,"column":66}}],"line":20},"2":{"loc":{"start":{"line":28,"column":16},"end":{"line":28,"column":65}},"type":"cond-expr","locations":[{"start":{"line":28,"column":31},"end":{"line":28,"column":43}},{"start":{"line":28,"column":46},"end":{"line":28,"column":65}}],"line":28},"3":{"loc":{"start":{"line":29,"column":15},"end":{"line":29,"column":49}},"type":"cond-expr","locations":[{"start":{"line":29,"column":28},"end":{"line":29,"column":38}},{"start":{"line":29,"column":41},"end":{"line":29,"column":49}}],"line":29}},"s":{"0":2,"1":4,"2":4},"f":{"0":4,"1":0},"b":{"0":[1,3],"1":[0,4],"2":[0,4],"3":[1,3]},"_coverageSchema":"1a1c01bbd47fc00a2c39e90264f33305004495a9","hash":"ddbfd252f9f05c8ea997bf87feab40e015c89c2a"}
,"/Users/handakinafuchea/Documents/projects/ui_shared/storybook/packages/react/src/molecules/Menu/Menu.tsx": {"path":"/Users/handakinafuchea/Documents/projects/ui_shared/storybook/packages/react/src/molecules/Menu/Menu.tsx","statementMap":{"0":{"start":{"line":8,"column":30},"end":{"line":14,"column":1}},"1":{"start":{"line":9,"column":29},"end":{"line":9,"column":31}},"2":{"start":{"line":10,"column":2},"end":{"line":12,"column":3}},"3":{"start":{"line":11,"column":4},"end":{"line":11,"column":65}},"4":{"start":{"line":13,"column":2},"end":{"line":13,"column":28}},"5":{"start":{"line":15,"column":13},"end":{"line":26,"column":1}},"6":{"start":{"line":16,"column":24},"end":{"line":18,"column":4}},"7":{"start":{"line":19,"column":2},"end":{"line":25,"column":4}},"8":{"start":{"line":22,"column":8},"end":{"line":22,"column":48}}},"fnMap":{"0":{"name":"(anonymous_0)","decl":{"start":{"line":8,"column":30},"end":{"line":8,"column":31}},"loc":{"start":{"line":8,"column":61},"end":{"line":14,"column":1}},"line":8},"1":{"name":"(anonymous_1)","decl":{"start":{"line":15,"column":13},"end":{"line":15,"column":14}},"loc":{"start":{"line":15,"column":55},"end":{"line":26,"column":1}},"line":15},"2":{"name":"(anonymous_2)","decl":{"start":{"line":21,"column":21},"end":{"line":21,"column":22}},"loc":{"start":{"line":22,"column":8},"end":{"line":22,"column":48}},"line":22}},"branchMap":{"0":{"loc":{"start":{"line":17,"column":4},"end":{"line":17,"column":58}},"type":"cond-expr","locations":[{"start":{"line":17,"column":18},"end":{"line":17,"column":29}},{"start":{"line":17,"column":32},"end":{"line":17,"column":58}}],"line":17}},"s":{"0":5,"1":0,"2":0,"3":0,"4":0,"5":5,"6":14,"7":14,"8":36},"f":{"0":0,"1":14,"2":36},"b":{"0":[10,4]},"_coverageSchema":"1a1c01bbd47fc00a2c39e90264f33305004495a9","hash":"5c8081eee2ac47301382f12c420051f7230f992f"}
,"/Users/handakinafuchea/Documents/projects/ui_shared/storybook/packages/react/src/molecules/Menu/MenuConstants.ts": {"path":"/Users/handakinafuchea/Documents/projects/ui_shared/storybook/packages/react/src/molecules/Menu/MenuConstants.ts","statementMap":{"0":{"start":{"line":1,"column":19},"end":{"line":1,"column":33}}},"fnMap":{},"branchMap":{},"s":{"0":5},"f":{},"b":{},"_coverageSchema":"1a1c01bbd47fc00a2c39e90264f33305004495a9","hash":"ac5cf8b383546f3aea67e0be816429fa8411e66a"}
,"/Users/handakinafuchea/Documents/projects/ui_shared/storybook/packages/react/src/molecules/Menu/Type.ts": {"path":"/Users/handakinafuchea/Documents/projects/ui_shared/storybook/packages/react/src/molecules/Menu/Type.ts","statementMap":{},"fnMap":{},"branchMap":{},"s":{},"f":{},"b":{},"_coverageSchema":"1a1c01bbd47fc00a2c39e90264f33305004495a9","hash":"e3bf580a4e76ab4c4011f3367027c58b5f6497dd"}
,"/Users/handakinafuchea/Documents/projects/ui_shared/storybook/packages/react/src/molecules/MenuItem/MenuItem.tsx": {"path":"/Users/handakinafuchea/Documents/projects/ui_shared/storybook/packages/react/src/molecules/MenuItem/MenuItem.tsx","statementMap":{"0":{"start":{"line":16,"column":17},"end":{"line":77,"column":1}},"1":{"start":{"line":25,"column":34},"end":{"line":25,"column":49}},"2":{"start":{"line":26,"column":18},"end":{"line":26,"column":30}},"3":{"start":{"line":27,"column":2},"end":{"line":27,"column":42}},"4":{"start":{"line":28,"column":26},"end":{"line":32,"column":12}},"5":{"start":{"line":34,"column":2},"end":{"line":76,"column":4}},"6":{"start":{"line":38,"column":29},"end":{"line":38,"column":63}},"7":{"start":{"line":79,"column":21},"end":{"line":132,"column":1}},"8":{"start":{"line":84,"column":2},"end":{"line":86,"column":3}},"9":{"start":{"line":85,"column":4},"end":{"line":85,"column":20}},"10":{"start":{"line":87,"column":2},"end":{"line":122,"column":3}},"11":{"start":{"line":88,"column":4},"end":{"line":121,"column":5}},"12":{"start":{"line":89,"column":6},"end":{"line":113,"column":7}},"13":{"start":{"line":90,"column":8},"end":{"line":100,"column":9}},"14":{"start":{"line":91,"column":10},"end":{"line":99,"column":11}},"15":{"start":{"line":92,"column":12},"end":{"line":94,"column":14}},"16":{"start":{"line":96,"column":12},"end":{"line":98,"column":14}},"17":{"start":{"line":101,"column":8},"end":{"line":112,"column":9}},"18":{"start":{"line":102,"column":10},"end":{"line":111,"column":11}},"19":{"start":{"line":103,"column":12},"end":{"line":103,"column":24}},"20":{"start":{"line":105,"column":12},"end":{"line":110,"column":14}},"21":{"start":{"line":114,"column":6},"end":{"line":118,"column":7}},"22":{"start":{"line":115,"column":8},"end":{"line":115,"column":77}},"23":{"start":{"line":117,"column":8},"end":{"line":117,"column":76}},"24":{"start":{"line":120,"column":6},"end":{"line":120,"column":18}},"25":{"start":{"line":123,"column":2},"end":{"line":131,"column":3}},"26":{"start":{"line":124,"column":4},"end":{"line":128,"column":5}},"27":{"start":{"line":125,"column":6},"end":{"line":125,"column":73}},"28":{"start":{"line":127,"column":6},"end":{"line":127,"column":74}},"29":{"start":{"line":130,"column":4},"end":{"line":130,"column":16}},"30":{"start":{"line":133,"column":20},"end":{"line":135,"column":1}},"31":{"start":{"line":134,"column":2},"end":{"line":134,"column":40}},"32":{"start":{"line":136,"column":26},"end":{"line":148,"column":1}},"33":{"start":{"line":137,"column":2},"end":{"line":147,"column":12}},"34":{"start":{"line":139,"column":6},"end":{"line":141,"column":7}},"35":{"start":{"line":140,"column":8},"end":{"line":140,"column":21}},"36":{"start":{"line":143,"column":4},"end":{"line":143,"column":63}},"37":{"start":{"line":144,"column":4},"end":{"line":146,"column":6}},"38":{"start":{"line":145,"column":6},"end":{"line":145,"column":68}},"39":{"start":{"line":149,"column":27},"end":{"line":152,"column":1}},"40":{"start":{"line":150,"column":2},"end":{"line":150,"column":21}},"41":{"start":{"line":151,"column":2},"end":{"line":151,"column":17}}},"fnMap":{"0":{"name":"(anonymous_0)","decl":{"start":{"line":16,"column":17},"end":{"line":16,"column":18}},"loc":{"start":{"line":24,"column":20},"end":{"line":77,"column":1}},"line":24},"1":{"name":"(anonymous_1)","decl":{"start":{"line":38,"column":17},"end":{"line":38,"column":18}},"loc":{"start":{"line":38,"column":29},"end":{"line":38,"column":63}},"line":38},"2":{"name":"(anonymous_2)","decl":{"start":{"line":79,"column":21},"end":{"line":79,"column":22}},"loc":{"start":{"line":83,"column":5},"end":{"line":132,"column":1}},"line":83},"3":{"name":"(anonymous_3)","decl":{"start":{"line":133,"column":20},"end":{"line":133,"column":21}},"loc":{"start":{"line":133,"column":78},"end":{"line":135,"column":1}},"line":133},"4":{"name":"(anonymous_4)","decl":{"start":{"line":136,"column":26},"end":{"line":136,"column":27}},"loc":{"start":{"line":136,"column":57},"end":{"line":148,"column":1}},"line":136},"5":{"name":"(anonymous_5)","decl":{"start":{"line":137,"column":12},"end":{"line":137,"column":13}},"loc":{"start":{"line":137,"column":18},"end":{"line":147,"column":3}},"line":137},"6":{"name":"handleClickOutside","decl":{"start":{"line":138,"column":13},"end":{"line":138,"column":31}},"loc":{"start":{"line":138,"column":56},"end":{"line":142,"column":5}},"line":138},"7":{"name":"(anonymous_7)","decl":{"start":{"line":144,"column":11},"end":{"line":144,"column":12}},"loc":{"start":{"line":144,"column":17},"end":{"line":146,"column":5}},"line":144},"8":{"name":"(anonymous_8)","decl":{"start":{"line":149,"column":27},"end":{"line":149,"column":28}},"loc":{"start":{"line":149,"column":59},"end":{"line":152,"column":1}},"line":149}},"branchMap":{"0":{"loc":{"start":{"line":28,"column":26},"end":{"line":32,"column":12}},"type":"cond-expr","locations":[{"start":{"line":29,"column":6},"end":{"line":31,"column":14}},{"start":{"line":32,"column":6},"end":{"line":32,"column":12}}],"line":28},"1":{"loc":{"start":{"line":29,"column":6},"end":{"line":31,"column":14}},"type":"cond-expr","locations":[{"start":{"line":30,"column":8},"end":{"line":30,"column":24}},{"start":{"line":31,"column":8},"end":{"line":31,"column":14}}],"line":29},"2":{"loc":{"start":{"line":41,"column":9},"end":{"line":47,"column":16}},"type":"cond-expr","locations":[{"start":{"line":42,"column":10},"end":{"line":46,"column":18}},{"start":{"line":47,"column":12},"end":{"line":47,"column":16}}],"line":41},"3":{"loc":{"start":{"line":42,"column":10},"end":{"line":46,"column":18}},"type":"cond-expr","locations":[{"start":{"line":43,"column":12},"end":{"line":43,"column":64}},{"start":{"line":44,"column":14},"end":{"line":46,"column":18}}],"line":42},"4":{"loc":{"start":{"line":44,"column":14},"end":{"line":46,"column":18}},"type":"cond-expr","locations":[{"start":{"line":45,"column":12},"end":{"line":45,"column":44}},{"start":{"line":46,"column":14},"end":{"line":46,"column":18}}],"line":44},"5":{"loc":{"start":{"line":44,"column":14},"end":{"line":44,"column":55}},"type":"binary-expr","locations":[{"start":{"line":44,"column":14},"end":{"line":44,"column":43}},{"start":{"line":44,"column":47},"end":{"line":44,"column":55}}],"line":44},"6":{"loc":{"start":{"line":50,"column":19},"end":{"line":50,"column":69}},"type":"cond-expr","locations":[{"start":{"line":50,"column":33},"end":{"line":50,"column":44}},{"start":{"line":50,"column":47},"end":{"line":50,"column":69}}],"line":50},"7":{"loc":{"start":{"line":51,"column":16},"end":{"line":51,"column":58}},"type":"cond-expr","locations":[{"start":{"line":51,"column":27},"end":{"line":51,"column":35}},{"start":{"line":51,"column":38},"end":{"line":51,"column":58}}],"line":51},"8":{"loc":{"start":{"line":56,"column":7},"end":{"line":74,"column":14}},"type":"cond-expr","locations":[{"start":{"line":57,"column":8},"end":{"line":73,"column":16}},{"start":{"line":74,"column":10},"end":{"line":74,"column":14}}],"line":56},"9":{"loc":{"start":{"line":57,"column":8},"end":{"line":73,"column":16}},"type":"cond-expr","locations":[{"start":{"line":58,"column":10},"end":{"line":72,"column":16}},{"start":{"line":73,"column":12},"end":{"line":73,"column":16}}],"line":57},"10":{"loc":{"start":{"line":60,"column":14},"end":{"line":60,"column":37}},"type":"cond-expr","locations":[{"start":{"line":60,"column":25},"end":{"line":60,"column":29}},{"start":{"line":60,"column":32},"end":{"line":60,"column":37}}],"line":60},"11":{"loc":{"start":{"line":64,"column":13},"end":{"line":71,"column":20}},"type":"cond-expr","locations":[{"start":{"line":65,"column":14},"end":{"line":70,"column":22}},{"start":{"line":71,"column":16},"end":{"line":71,"column":20}}],"line":64},"12":{"loc":{"start":{"line":65,"column":14},"end":{"line":70,"column":22}},"type":"cond-expr","locations":[{"start":{"line":66,"column":16},"end":{"line":69,"column":18}},{"start":{"line":70,"column":18},"end":{"line":70,"column":22}}],"line":65},"13":{"loc":{"start":{"line":84,"column":2},"end":{"line":86,"column":3}},"type":"if","locations":[{"start":{"line":84,"column":2},"end":{"line":86,"column":3}},{"start":{},"end":{}}],"line":84},"14":{"loc":{"start":{"line":84,"column":6},"end":{"line":84,"column":41}},"type":"binary-expr","locations":[{"start":{"line":84,"column":6},"end":{"line":84,"column":32}},{"start":{"line":84,"column":36},"end":{"line":84,"column":41}}],"line":84},"15":{"loc":{"start":{"line":87,"column":2},"end":{"line":122,"column":3}},"type":"if","locations":[{"start":{"line":87,"column":2},"end":{"line":122,"column":3}},{"start":{},"end":{}}],"line":87},"16":{"loc":{"start":{"line":88,"column":4},"end":{"line":121,"column":5}},"type":"if","locations":[{"start":{"line":88,"column":4},"end":{"line":121,"column":5}},{"start":{"line":119,"column":11},"end":{"line":121,"column":5}}],"line":88},"17":{"loc":{"start":{"line":88,"column":8},"end":{"line":88,"column":31}},"type":"binary-expr","locations":[{"start":{"line":88,"column":8},"end":{"line":88,"column":15}},{"start":{"line":88,"column":19},"end":{"line":88,"column":31}}],"line":88},"18":{"loc":{"start":{"line":89,"column":6},"end":{"line":113,"column":7}},"type":"if","locations":[{"start":{"line":89,"column":6},"end":{"line":113,"column":7}},{"start":{},"end":{}}],"line":89},"19":{"loc":{"start":{"line":90,"column":8},"end":{"line":100,"column":9}},"type":"if","locations":[{"start":{"line":90,"column":8},"end":{"line":100,"column":9}},{"start":{},"end":{}}],"line":90},"20":{"loc":{"start":{"line":91,"column":10},"end":{"line":99,"column":11}},"type":"if","locations":[{"start":{"line":91,"column":10},"end":{"line":99,"column":11}},{"start":{"line":95,"column":17},"end":{"line":99,"column":11}}],"line":91},"21":{"loc":{"start":{"line":101,"column":8},"end":{"line":112,"column":9}},"type":"if","locations":[{"start":{"line":101,"column":8},"end":{"line":112,"column":9}},{"start":{},"end":{}}],"line":101},"22":{"loc":{"start":{"line":102,"column":10},"end":{"line":111,"column":11}},"type":"if","locations":[{"start":{"line":102,"column":10},"end":{"line":111,"column":11}},{"start":{"line":104,"column":17},"end":{"line":111,"column":11}}],"line":102},"23":{"loc":{"start":{"line":114,"column":6},"end":{"line":118,"column":7}},"type":"if","locations":[{"start":{"line":114,"column":6},"end":{"line":118,"column":7}},{"start":{"line":116,"column":13},"end":{"line":118,"column":7}}],"line":114},"24":{"loc":{"start":{"line":123,"column":2},"end":{"line":131,"column":3}},"type":"if","locations":[{"start":{"line":123,"column":2},"end":{"line":131,"column":3}},{"start":{"line":129,"column":9},"end":{"line":131,"column":3}}],"line":123},"25":{"loc":{"start":{"line":124,"column":4},"end":{"line":128,"column":5}},"type":"if","locations":[{"start":{"line":124,"column":4},"end":{"line":128,"column":5}},{"start":{"line":126,"column":11},"end":{"line":128,"column":5}}],"line":124},"26":{"loc":{"start":{"line":139,"column":6},"end":{"line":141,"column":7}},"type":"if","locations":[{"start":{"line":139,"column":6},"end":{"line":141,"column":7}},{"start":{},"end":{}}],"line":139},"27":{"loc":{"start":{"line":139,"column":10},"end":{"line":139,"column":60}},"type":"binary-expr","locations":[{"start":{"line":139,"column":10},"end":{"line":139,"column":21}},{"start":{"line":139,"column":25},"end":{"line":139,"column":60}}],"line":139}},"s":{"0":5,"1":39,"2":39,"3":39,"4":39,"5":39,"6":0,"7":5,"8":39,"9":0,"10":39,"11":39,"12":3,"13":3,"14":0,"15":0,"16":0,"17":3,"18":2,"19":0,"20":2,"21":1,"22":0,"23":1,"24":36,"25":0,"26":0,"27":0,"28":0,"29":0,"30":5,"31":0,"32":5,"33":39,"34":0,"35":0,"36":39,"37":39,"38":39,"39":5,"40":0,"41":0},"f":{"0":39,"1":0,"2":39,"3":0,"4":39,"5":39,"6":0,"7":39,"8":0},"b":{"0":[4,35],"1":[4,0],"2":[27,12],"3":[27,0],"4":[0,0],"5":[0,0],"6":[2,37],"7":[2,37],"8":[4,35],"9":[3,1],"10":[0,3],"11":[3,0],"12":[3,0],"13":[0,39],"14":[39,0],"15":[39,0],"16":[3,36],"17":[39,4],"18":[3,0],"19":[0,3],"20":[0,0],"21":[2,1],"22":[0,2],"23":[0,1],"24":[0,0],"25":[0,0],"26":[0,0],"27":[0,0]},"_coverageSchema":"1a1c01bbd47fc00a2c39e90264f33305004495a9","hash":"7f245bb613b7e698bc34fa43a3333b19731131d3"}
,"/Users/handakinafuchea/Documents/projects/ui_shared/storybook/packages/react/src/molecules/MenuItem/MenuItemConstants.ts": {"path":"/Users/handakinafuchea/Documents/projects/ui_shared/storybook/packages/react/src/molecules/MenuItem/MenuItemConstants.ts","statementMap":{"0":{"start":{"line":1,"column":23},"end":{"line":1,"column":41}},"1":{"start":{"line":2,"column":26},"end":{"line":2,"column":47}}},"fnMap":{},"branchMap":{},"s":{"0":5,"1":5},"f":{},"b":{},"_coverageSchema":"1a1c01bbd47fc00a2c39e90264f33305004495a9","hash":"7c8e1cc6e15daa5d990d8f6e01eea2b628e8fb26"}
,"/Users/handakinafuchea/Documents/projects/ui_shared/storybook/packages/react/src/molecules/MenuItem/Type.ts": {"path":"/Users/handakinafuchea/Documents/projects/ui_shared/storybook/packages/react/src/molecules/MenuItem/Type.ts","statementMap":{},"fnMap":{},"branchMap":{},"s":{},"f":{},"b":{},"_coverageSchema":"1a1c01bbd47fc00a2c39e90264f33305004495a9","hash":"36314c9d6c83f7ff5b80401a30a76474b8e450b7"}
}
