TN:
SF:src/atoms/Button/Button.tsx
FN:9,(anonymous_0)
FN:43,(anonymous_1)
FNF:2
FNH:2
FNDA:8,(anonymous_0)
FNDA:1,(anonymous_1)
DA:9,5
DA:18,8
DA:21,8
DA:22,8
DA:23,8
DA:24,0
DA:25,8
DA:26,0
DA:30,8
DA:32,8
DA:33,0
DA:34,8
DA:35,0
DA:37,8
DA:39,8
DA:44,1
LF:16
LH:12
BRDA:10,0,0,2
BRDA:12,1,0,8
BRDA:13,2,0,8
BRDA:14,3,0,4
BRDA:23,4,0,0
BRDA:23,4,1,8
BRDA:25,5,0,0
BRDA:25,5,1,8
BRDA:25,6,0,8
BRDA:25,6,1,0
BRDA:32,7,0,0
BRDA:32,7,1,8
BRDA:34,8,0,0
BRDA:34,8,1,8
BRDA:34,9,0,8
BRDA:34,9,1,0
BRDA:44,10,0,1
BRDA:44,10,1,0
BRDA:48,11,0,0
BRDA:48,11,1,8
BRDA:55,12,0,0
BRDA:55,12,1,8
BRF:22
BRH:13
end_of_record
TN:
SF:src/atoms/Button/ButtonConstants.ts
FNF:0
FNH:0
DA:1,5
LF:1
LH:1
BRF:0
BRH:0
end_of_record
TN:
SF:src/atoms/Button/Type.ts
FNF:0
FNH:0
LF:0
LH:0
BRF:0
BRH:0
end_of_record
TN:
SF:src/atoms/Color/Color.tsx
FN:6,(anonymous_0)
FNF:1
FNH:1
FNDA:1,(anonymous_0)
DA:6,1
DA:7,1
LF:2
LH:2
BRF:0
BRH:0
end_of_record
TN:
SF:src/atoms/Color/ColorContants.ts
FNF:0
FNH:0
DA:1,1
LF:1
LH:1
BRF:0
BRH:0
end_of_record
TN:
SF:src/atoms/Color/Type.ts
FNF:0
FNH:0
LF:0
LH:0
BRF:0
BRH:0
end_of_record
TN:
SF:src/atoms/Field/FieldConstants.ts
FNF:0
FNH:0
DA:1,3
LF:1
LH:1
BRF:0
BRH:0
end_of_record
TN:
SF:src/atoms/Field/TextField.tsx
FN:7,(anonymous_0)
FN:44,(anonymous_1)
FN:44,(anonymous_2)
FNF:3
FNH:3
FNDA:7,(anonymous_0)
FNDA:10,(anonymous_1)
FNDA:10,(anonymous_2)
DA:7,3
DA:16,7
DA:17,7
DA:18,7
DA:19,7
DA:20,7
DA:21,7
DA:23,7
DA:44,10
LF:9
LH:9
BRDA:8,0,0,5
BRDA:9,1,0,3
BRDA:11,2,0,7
BRDA:14,3,0,3
BRDA:25,4,0,4
BRDA:25,4,1,3
BRDA:26,5,0,4
BRDA:26,5,1,0
BRDA:29,6,0,4
BRDA:29,6,1,0
BRDA:42,7,0,7
BRDA:42,7,1,0
BRDA:44,8,0,1
BRDA:44,8,1,6
BRDA:49,9,0,0
BRDA:49,9,1,7
BRDA:50,10,0,0
BRDA:50,10,1,0
BRDA:53,11,0,0
BRDA:53,11,1,0
BRF:20
BRH:12
end_of_record
TN:
SF:src/atoms/Field/Type.ts
FNF:0
FNH:0
LF:0
LH:0
BRF:0
BRH:0
end_of_record
TN:
SF:src/atoms/Graphics/Rate/Rate.tsx
FN:6,(anonymous_0)
FN:15,(anonymous_1)
FN:18,(anonymous_2)
FN:19,(anonymous_3)
FN:25,(anonymous_4)
FN:29,(anonymous_5)
FN:31,(anonymous_6)
FNF:7
FNH:7
FNDA:2,(anonymous_0)
FNDA:2,(anonymous_1)
FNDA:3,(anonymous_2)
FNDA:3,(anonymous_3)
FNDA:2,(anonymous_4)
FNDA:2,(anonymous_5)
FNDA:2,(anonymous_6)
DA:6,3
DA:7,2
DA:15,3
DA:16,2
DA:17,2
DA:18,3
DA:19,2
DA:20,3
DA:21,3
DA:23,2
DA:25,3
DA:26,2
DA:27,2
DA:29,2
DA:31,2
DA:32,2
DA:33,2
DA:35,2
LF:18
LH:18
BRDA:6,0,0,2
BRDA:9,1,0,1
BRDA:9,1,1,1
BRDA:10,2,0,1
BRDA:10,2,1,1
BRDA:17,3,0,0
BRDA:17,3,1,2
BRF:7
BRH:6
end_of_record
TN:
SF:src/atoms/Icon/Icon.tsx
FN:5,(anonymous_0)
FN:18,(anonymous_1)
FNF:2
FNH:1
FNDA:46,(anonymous_0)
FNDA:0,(anonymous_1)
DA:5,12
DA:10,46
DA:11,46
DA:19,0
LF:4
LH:3
BRDA:6,0,0,1
BRDA:7,1,0,6
BRDA:16,2,0,4
BRDA:16,2,1,42
BRF:4
BRH:4
end_of_record
TN:
SF:src/atoms/Icon/IconConstants.ts
FNF:0
FNH:0
DA:1,12
LF:1
LH:1
BRF:0
BRH:0
end_of_record
TN:
SF:src/atoms/Icon/Type.ts
FNF:0
FNH:0
LF:0
LH:0
BRF:0
BRH:0
end_of_record
TN:
SF:src/atoms/Image/Image.tsx
FN:6,(anonymous_0)
FN:18,(anonymous_1)
FNF:2
FNH:1
FNDA:2,(anonymous_0)
FNDA:0,(anonymous_1)
DA:6,3
DA:7,2
DA:9,2
DA:11,2
DA:12,2
DA:18,0
LF:6
LH:5
BRDA:9,0,0,0
BRDA:9,0,1,2
BRDA:9,1,0,0
BRDA:9,1,1,2
BRDA:11,2,0,0
BRDA:11,2,1,2
BRDA:11,3,0,0
BRDA:11,3,1,2
BRDA:20,4,0,2
BRDA:20,4,1,0
BRF:10
BRH:5
end_of_record
TN:
SF:src/atoms/Image/ImageConstants.ts
FNF:0
FNH:0
DA:1,3
DA:2,3
LF:2
LH:2
BRF:0
BRH:0
end_of_record
TN:
SF:src/atoms/NotificationIcon/NotificationIcon.tsx
FN:11,(anonymous_0)
FN:30,(anonymous_1)
FN:70,(anonymous_2)
FN:84,(anonymous_3)
FN:85,(anonymous_4)
FN:86,handleClickOutside
FN:92,(anonymous_6)
FN:97,(anonymous_7)
FNF:8
FNH:5
FNDA:4,(anonymous_0)
FNDA:0,(anonymous_1)
FNDA:4,(anonymous_2)
FNDA:4,(anonymous_3)
FNDA:4,(anonymous_4)
FNDA:0,handleClickOutside
FNDA:4,(anonymous_6)
FNDA:0,(anonymous_7)
DA:11,2
DA:19,4
DA:20,4
DA:21,4
DA:23,4
DA:30,0
DA:70,2
DA:71,4
DA:72,4
DA:73,0
DA:74,4
DA:75,0
DA:76,4
DA:77,0
DA:79,4
DA:81,4
DA:84,2
DA:85,4
DA:87,0
DA:88,0
DA:91,4
DA:92,4
DA:93,4
DA:97,2
DA:98,0
DA:99,0
LF:26
LH:18
BRDA:29,0,0,0
BRDA:29,0,1,4
BRDA:34,1,0,0
BRDA:34,1,1,4
BRDA:37,2,0,0
BRDA:37,2,1,4
BRDA:42,3,0,0
BRDA:42,3,1,4
BRDA:43,4,0,2
BRDA:43,4,1,2
BRDA:51,5,0,0
BRDA:51,5,1,4
BRDA:72,6,0,0
BRDA:72,6,1,4
BRDA:74,7,0,0
BRDA:74,7,1,4
BRDA:76,8,0,0
BRDA:76,8,1,4
BRDA:87,9,0,0
BRDA:87,9,1,0
BRDA:87,10,0,0
BRDA:87,10,1,0
BRF:22
BRH:10
end_of_record
TN:
SF:src/atoms/NotificationIcon/Type.ts
FNF:0
FNH:0
LF:0
LH:0
BRF:0
BRH:0
end_of_record
TN:
SF:src/atoms/Typography/Type.ts
FNF:0
FNH:0
LF:0
LH:0
BRF:0
BRH:0
end_of_record
TN:
SF:src/atoms/Typography/Typography.tsx
FN:10,(anonymous_0)
FN:26,(anonymous_1)
FNF:2
FNH:1
FNDA:69,(anonymous_0)
FNDA:0,(anonymous_1)
DA:10,10
DA:20,69
DA:21,69
DA:26,69
DA:27,0
DA:29,69
LF:6
LH:5
BRDA:12,0,0,6
BRDA:13,1,0,56
BRDA:14,2,0,18
BRDA:22,3,0,39
BRDA:22,3,1,30
BRDA:23,4,0,1
BRDA:23,4,1,68
BRDA:24,5,0,5
BRDA:24,5,1,64
BRDA:34,6,0,1
BRDA:34,6,1,68
BRDA:35,7,0,1
BRDA:35,7,1,0
BRDA:41,8,0,67
BRDA:41,8,1,2
BRF:15
BRH:14
end_of_record
TN:
SF:src/atoms/Typography/TypographyContants.ts
FNF:0
FNH:0
DA:1,10
DA:2,10
LF:2
LH:2
BRF:0
BRH:0
end_of_record
TN:
SF:src/molecules/Card/ProductCard/ProductCard.tsx
FN:23,(anonymous_0)
FN:102,(anonymous_1)
FN:138,(anonymous_2)
FN:141,(anonymous_3)
FN:152,(anonymous_4)
FN:161,(anonymous_5)
FN:164,(anonymous_6)
FN:175,(anonymous_7)
FNF:8
FNH:2
FNDA:1,(anonymous_0)
FNDA:5,(anonymous_1)
FNDA:0,(anonymous_2)
FNDA:0,(anonymous_3)
FNDA:0,(anonymous_4)
FNDA:0,(anonymous_5)
FNDA:0,(anonymous_6)
FNDA:0,(anonymous_7)
DA:23,2
DA:34,1
DA:35,1
DA:36,1
DA:37,1
DA:38,1
DA:39,1
DA:102,2
DA:111,5
DA:112,1
DA:113,4
DA:114,1
DA:115,3
DA:116,1
DA:122,2
DA:123,1
DA:129,1
DA:130,1
DA:135,0
DA:138,2
DA:139,0
DA:140,0
DA:141,0
DA:142,0
DA:143,0
DA:150,0
DA:151,0
DA:153,0
DA:154,0
DA:158,0
DA:161,2
DA:162,0
DA:163,0
DA:164,0
DA:165,0
DA:166,0
DA:173,0
DA:174,0
DA:176,0
DA:177,0
DA:181,0
LF:41
LH:20
BRDA:43,0,0,0
BRDA:43,0,1,1
BRDA:48,1,0,1
BRDA:48,1,1,1
BRDA:48,1,2,0
BRDA:49,2,0,1
BRDA:49,2,1,1
BRDA:49,2,2,0
BRDA:111,3,0,1
BRDA:111,3,1,4
BRDA:111,4,0,5
BRDA:111,4,1,5
BRDA:111,4,2,5
BRDA:113,5,0,1
BRDA:113,5,1,3
BRDA:113,6,0,4
BRDA:113,6,1,4
BRDA:113,6,2,4
BRDA:115,7,0,1
BRDA:115,7,1,2
BRDA:115,8,0,3
BRDA:115,8,1,3
BRDA:115,8,2,3
BRDA:119,9,0,1
BRDA:119,9,1,0
BRDA:122,10,0,1
BRDA:122,10,1,1
BRDA:122,11,0,2
BRDA:122,11,1,2
BRDA:122,11,2,2
BRDA:129,12,0,1
BRDA:129,12,1,0
BRDA:129,13,0,1
BRDA:129,13,1,1
BRDA:129,13,2,1
BRDA:140,14,0,0
BRDA:140,14,1,0
BRDA:140,15,0,0
BRDA:140,15,1,0
BRDA:140,15,2,0
BRDA:150,16,0,0
BRDA:150,16,1,0
BRDA:150,17,0,0
BRDA:150,17,1,0
BRDA:150,17,2,0
BRDA:158,18,0,0
BRDA:158,18,1,0
BRDA:163,19,0,0
BRDA:163,19,1,0
BRDA:163,20,0,0
BRDA:163,20,1,0
BRDA:163,20,2,0
BRDA:173,21,0,0
BRDA:173,21,1,0
BRDA:173,22,0,0
BRDA:173,22,1,0
BRDA:173,22,2,0
BRDA:181,23,0,0
BRDA:181,23,1,0
BRF:59
BRH:30
end_of_record
TN:
SF:src/molecules/Card/ProductCard/ProductConstants.ts
FNF:0
FNH:0
DA:1,2
LF:1
LH:1
BRF:0
BRH:0
end_of_record
TN:
SF:src/molecules/Card/ProductCard/Type.ts
FNF:0
FNH:0
LF:0
LH:0
BRF:0
BRH:0
end_of_record
TN:
SF:src/molecules/Dropdown/Dropdown.tsx
FN:11,(anonymous_0)
FN:27,(anonymous_1)
FN:59,(anonymous_2)
FN:60,(anonymous_3)
FN:61,handleClickOutside
FN:67,(anonymous_5)
FN:72,(anonymous_6)
FNF:7
FNH:4
FNDA:4,(anonymous_0)
FNDA:0,(anonymous_1)
FNDA:4,(anonymous_2)
FNDA:4,(anonymous_3)
FNDA:0,handleClickOutside
FNDA:4,(anonymous_5)
FNDA:0,(anonymous_6)
DA:11,2
DA:18,4
DA:19,4
DA:20,4
DA:22,4
DA:27,0
DA:59,2
DA:60,4
DA:62,0
DA:63,0
DA:66,4
DA:67,4
DA:68,4
DA:72,2
DA:73,0
DA:74,0
LF:16
LH:11
BRDA:29,0,0,2
BRDA:29,0,1,2
BRDA:31,1,0,0
BRDA:31,1,1,2
BRDA:32,2,0,2
BRDA:32,2,1,0
BRDA:32,3,0,2
BRDA:32,3,1,0
BRDA:35,4,0,1
BRDA:35,4,1,1
BRDA:40,5,0,3
BRDA:40,5,1,1
BRDA:41,6,0,3
BRDA:41,6,1,1
BRDA:46,7,0,1
BRDA:46,7,1,3
BRDA:48,8,0,0
BRDA:48,8,1,4
BRDA:51,9,0,3
BRDA:51,9,1,1
BRDA:62,10,0,0
BRDA:62,10,1,0
BRDA:62,11,0,0
BRDA:62,11,1,0
BRF:24
BRH:16
end_of_record
TN:
SF:src/molecules/Dropdown/DropdownConstants.ts
FNF:0
FNH:0
DA:1,2
LF:1
LH:1
BRF:0
BRH:0
end_of_record
TN:
SF:src/molecules/InputButtonGroup/InputButtonGroup.tsx
FN:9,(anonymous_0)
FN:22,(anonymous_1)
FNF:2
FNH:1
FNDA:4,(anonymous_0)
FNDA:0,(anonymous_1)
DA:9,2
DA:15,4
DA:16,4
LF:3
LH:3
BRDA:19,0,0,1
BRDA:19,0,1,3
BRDA:20,1,0,0
BRDA:20,1,1,4
BRDA:28,2,0,0
BRDA:28,2,1,4
BRDA:29,3,0,1
BRDA:29,3,1,3
BRF:8
BRH:6
end_of_record
TN:
SF:src/molecules/Menu/Menu.tsx
FN:8,(anonymous_0)
FN:15,(anonymous_1)
FN:21,(anonymous_2)
FNF:3
FNH:2
FNDA:0,(anonymous_0)
FNDA:14,(anonymous_1)
FNDA:36,(anonymous_2)
DA:8,5
DA:9,0
DA:10,0
DA:11,0
DA:13,0
DA:15,5
DA:16,14
DA:19,14
DA:22,36
LF:9
LH:5
BRDA:17,0,0,10
BRDA:17,0,1,4
BRF:2
BRH:2
end_of_record
TN:
SF:src/molecules/Menu/MenuConstants.ts
FNF:0
FNH:0
DA:1,5
LF:1
LH:1
BRF:0
BRH:0
end_of_record
TN:
SF:src/molecules/Menu/Type.ts
FNF:0
FNH:0
LF:0
LH:0
BRF:0
BRH:0
end_of_record
TN:
SF:src/molecules/MenuItem/MenuItem.tsx
FN:16,(anonymous_0)
FN:38,(anonymous_1)
FN:79,(anonymous_2)
FN:133,(anonymous_3)
FN:136,(anonymous_4)
FN:137,(anonymous_5)
FN:138,handleClickOutside
FN:144,(anonymous_7)
FN:149,(anonymous_8)
FNF:9
FNH:5
FNDA:39,(anonymous_0)
FNDA:0,(anonymous_1)
FNDA:39,(anonymous_2)
FNDA:0,(anonymous_3)
FNDA:39,(anonymous_4)
FNDA:39,(anonymous_5)
FNDA:0,handleClickOutside
FNDA:39,(anonymous_7)
FNDA:0,(anonymous_8)
DA:16,5
DA:25,39
DA:26,39
DA:27,39
DA:28,39
DA:34,39
DA:38,0
DA:79,5
DA:84,39
DA:85,0
DA:87,39
DA:88,39
DA:89,3
DA:90,3
DA:91,0
DA:92,0
DA:96,0
DA:101,3
DA:102,2
DA:103,0
DA:105,2
DA:114,1
DA:115,0
DA:117,1
DA:120,36
DA:123,0
DA:124,0
DA:125,0
DA:127,0
DA:130,0
DA:133,5
DA:134,0
DA:136,5
DA:137,39
DA:139,0
DA:140,0
DA:143,39
DA:144,39
DA:145,39
DA:149,5
DA:150,0
DA:151,0
LF:42
LH:25
BRDA:28,0,0,4
BRDA:28,0,1,35
BRDA:29,1,0,4
BRDA:29,1,1,0
BRDA:41,2,0,27
BRDA:41,2,1,12
BRDA:42,3,0,27
BRDA:42,3,1,0
BRDA:44,4,0,0
BRDA:44,4,1,0
BRDA:44,5,0,0
BRDA:44,5,1,0
BRDA:50,6,0,2
BRDA:50,6,1,37
BRDA:51,7,0,2
BRDA:51,7,1,37
BRDA:56,8,0,4
BRDA:56,8,1,35
BRDA:57,9,0,3
BRDA:57,9,1,1
BRDA:60,10,0,0
BRDA:60,10,1,3
BRDA:64,11,0,3
BRDA:64,11,1,0
BRDA:65,12,0,3
BRDA:65,12,1,0
BRDA:84,13,0,0
BRDA:84,13,1,39
BRDA:84,14,0,39
BRDA:84,14,1,0
BRDA:87,15,0,39
BRDA:87,15,1,0
BRDA:88,16,0,3
BRDA:88,16,1,36
BRDA:88,17,0,39
BRDA:88,17,1,4
BRDA:89,18,0,3
BRDA:89,18,1,0
BRDA:90,19,0,0
BRDA:90,19,1,3
BRDA:91,20,0,0
BRDA:91,20,1,0
BRDA:101,21,0,2
BRDA:101,21,1,1
BRDA:102,22,0,0
BRDA:102,22,1,2
BRDA:114,23,0,0
BRDA:114,23,1,1
BRDA:123,24,0,0
BRDA:123,24,1,0
BRDA:124,25,0,0
BRDA:124,25,1,0
BRDA:139,26,0,0
BRDA:139,26,1,0
BRDA:139,27,0,0
BRDA:139,27,1,0
BRF:56
BRH:30
end_of_record
TN:
SF:src/molecules/MenuItem/MenuItemConstants.ts
FNF:0
FNH:0
DA:1,5
DA:2,5
LF:2
LH:2
BRF:0
BRH:0
end_of_record
TN:
SF:src/molecules/MenuItem/Type.ts
FNF:0
FNH:0
LF:0
LH:0
BRF:0
BRH:0
end_of_record
TN:
SF:src/organisms/Header/Header.tsx
FN:25,(anonymous_0)
FNF:1
FNH:1
FNDA:1,(anonymous_0)
DA:25,1
DA:26,1
DA:27,1
LF:3
LH:3
BRDA:99,0,0,1
BRDA:99,0,1,0
BRDA:100,1,0,1
BRDA:100,1,1,0
BRDA:142,2,0,0
BRDA:142,2,1,1
BRDA:143,3,0,0
BRDA:143,3,1,0
BRDA:149,4,0,0
BRDA:149,4,1,1
BRDA:150,5,0,0
BRDA:150,5,1,0
BRDA:159,6,0,0
BRDA:159,6,1,1
BRDA:160,7,0,0
BRDA:160,7,1,0
BRDA:166,8,0,0
BRDA:166,8,1,1
BRDA:167,9,0,0
BRDA:167,9,1,0
BRF:20
BRH:6
end_of_record
TN:
SF:src/organisms/Header/HeaderConstants.ts
FNF:0
FNH:0
DA:1,1
DA:2,1
DA:3,1
DA:4,1
LF:4
LH:4
BRF:0
BRH:0
end_of_record
TN:
SF:src/template/Container/Container.tsx
FN:4,(anonymous_0)
FNF:1
FNH:1
FNDA:1,(anonymous_0)
DA:4,1
DA:5,1
LF:2
LH:2
BRF:0
BRH:0
end_of_record
TN:
SF:src/template/Container/Type.ts
FNF:0
FNH:0
LF:0
LH:0
BRF:0
BRH:0
end_of_record
